[18:17:24] [Client thread/INFO]: Setting user: Player562
[18:17:28] [Client thread/INFO]: LWJGL Version: 2.9.1
[18:17:33] [Client thread/INFO]: Reloading ResourceManager: Default, FMLFileResourcePack:Forge Mod Loader, FMLFileResourcePack:Minecraft Forge, FMLFileResourcePack:HaloCraft
[18:17:34] [Sound Library Loader/INFO]: Starting up SoundSystem...
[18:17:34] [Thread-7/INFO]: Initializing LWJGL OpenAL
[18:17:34] [Thread-7/INFO]: (The LWJGL binding of OpenAL.  For more information, see http://www.lwjgl.org)
[18:17:34] [Thread-7/INFO]: OpenAL initialized.
[18:17:34] [Sound Library Loader/INFO]: Sound engine started
[18:17:40] [Client thread/INFO]: Created: 512x512 textures-atlas
[18:17:41] [Client thread/INFO]: Reloading ResourceManager: Default, FMLFileResourcePack:Forge Mod Loader, FMLFileResourcePack:Minecraft Forge, FMLFileResourcePack:HaloCraft
[18:17:41] [Client thread/INFO]: SoundSystem shutting down...
[18:17:41] [Client thread/WARN]: Author: Paul Lamb, www.paulscode.com
[18:17:41] [Sound Library Loader/INFO]: Starting up SoundSystem...
[18:17:42] [Thread-9/INFO]: Initializing LWJGL OpenAL
[18:17:42] [Thread-9/INFO]: (The LWJGL binding of OpenAL.  For more information, see http://www.lwjgl.org)
[18:17:42] [Thread-9/INFO]: OpenAL initialized.
[18:17:42] [Sound Library Loader/INFO]: Sound engine started
[18:17:44] [Client thread/WARN]: Unable to load item model: 'halocraft:item/EnergySword' for item: 'halocraft:EnergySword'
java.io.FileNotFoundException: halocraft:models/item/EnergySword.json
	at net.minecraft.client.resources.SimpleReloadableResourceManager.getResource(SimpleReloadableResourceManager.java:71) ~[SimpleReloadableResourceManager.class:?]
	at net.minecraft.client.resources.model.ModelBakery.loadModel(ModelBakery.java:260) ~[ModelBakery.class:?]
	at net.minecraft.client.resources.model.ModelBakery.loadItemModels(ModelBakery.java:307) [ModelBakery.class:?]
	at net.minecraft.client.resources.model.ModelBakery.loadVariantItemModels(ModelBakery.java:105) [ModelBakery.class:?]
	at net.minecraft.client.resources.model.ModelBakery.setupModelRegistry(ModelBakery.java:88) [ModelBakery.class:?]
	at net.minecraft.client.resources.model.ModelManager.onResourceManagerReload(ModelManager.java:29) [ModelManager.class:?]
	at net.minecraft.client.resources.SimpleReloadableResourceManager.notifyReloadListeners(SimpleReloadableResourceManager.java:134) [SimpleReloadableResourceManager.class:?]
	at net.minecraft.client.resources.SimpleReloadableResourceManager.reloadResources(SimpleReloadableResourceManager.java:118) [SimpleReloadableResourceManager.class:?]
	at net.minecraft.client.Minecraft.refreshResources(Minecraft.java:728) [Minecraft.class:?]
	at net.minecraftforge.fml.client.FMLClientHandler.finishMinecraftLoading(FMLClientHandler.java:306) [FMLClientHandler.class:?]
	at net.minecraft.client.Minecraft.startGame(Minecraft.java:485) [Minecraft.class:?]
	at net.minecraft.client.Minecraft.run(Minecraft.java:325) [Minecraft.class:?]
	at net.minecraft.client.main.Main.main(Main.java:117) [Main.class:?]
	at sun.reflect.NativeMethodAccessorImpl.invoke0(Native Method) ~[?:1.7.0_51]
	at sun.reflect.NativeMethodAccessorImpl.invoke(Unknown Source) ~[?:1.7.0_51]
	at sun.reflect.DelegatingMethodAccessorImpl.invoke(Unknown Source) ~[?:1.7.0_51]
	at java.lang.reflect.Method.invoke(Unknown Source) ~[?:1.7.0_51]
	at net.minecraft.launchwrapper.Launch.launch(Launch.java:135) [launchwrapper-1.11.jar:?]
	at net.minecraft.launchwrapper.Launch.main(Launch.java:28) [launchwrapper-1.11.jar:?]
	at net.minecraftforge.gradle.GradleStartCommon.launch(GradleStartCommon.java:78) [start/:?]
	at GradleStart.main(GradleStart.java:45) [start/:?]
[18:17:45] [Client thread/INFO]: Created: 512x512 textures-atlas
[18:17:45] [Client thread/WARN]: Missing model for: halocraft:item/EnergySword
[18:17:52] [Server thread/INFO]: Starting integrated minecraft server version 1.8
[18:17:52] [Server thread/INFO]: Generating keypair
[18:17:53] [Server thread/INFO]: Preparing start region for level 0
[18:17:54] [Server thread/INFO]: Preparing spawn area: 50%
[18:17:55] [Server thread/INFO]: Changing view distance to 12, from 10
[18:17:56] [Server thread/INFO]: Player562[local:E:06fde799] logged in with entity id 356 at (127.92370697683984, 64.0, 239.09480025849345)
[18:17:56] [Server thread/INFO]: Player562 joined the game
[18:17:58] [Server thread/WARN]: Can't keep up! Did the system time change, or is the server overloaded? Running 2521ms behind, skipping 50 tick(s)
[18:18:01] [Server thread/INFO]: Player562 has just earned the achievement [Taking Inventory]
[18:18:01] [Client thread/INFO]: [CHAT] Player562 has just earned the achievement [Taking Inventory]
[18:18:08] [Server thread/INFO]: Saving and pausing game...
[18:18:08] [Server thread/INFO]: Saving chunks for level 'lol'/Overworld
[18:18:09] [Server thread/INFO]: Saving chunks for level 'lol'/Nether
[18:18:09] [Server thread/INFO]: Saving chunks for level 'lol'/The End
[18:18:09] [Server thread/INFO]: Stopping server
[18:18:09] [Server thread/INFO]: Saving players
[18:18:09] [Server thread/INFO]: Saving worlds
[18:18:09] [Server thread/INFO]: Saving chunks for level 'lol'/Overworld
[18:18:09] [Server thread/INFO]: Saving chunks for level 'lol'/Nether
[18:18:09] [Server thread/INFO]: Saving chunks for level 'lol'/The End
[18:18:16] [Client thread/INFO]: Stopping!
[18:18:16] [Client thread/INFO]: SoundSystem shutting down...
[18:18:17] [Client thread/WARN]: Author: Paul Lamb, www.paulscode.com
