[15:39:34] [main/INFO] [GradleStart]: Extra: []
[15:39:35] [main/INFO] [GradleStart]: Running with arguments: [--userProperties, {}, --accessToken, {REDACTED}, --assetIndex, 1.8, --assetsDir, C:/Users/Hassan/.gradle/caches/minecraft/assets, --version, 1.8, --tweakClass, net.minecraftforge.fml.common.launcher.FMLTweaker, --tweakClass, net.minecraftforge.gradle.GradleStartCommon$GradleStartTweaker]
[15:39:35] [main/INFO] [LaunchWrapper]: Loading tweak class name net.minecraftforge.fml.common.launcher.FMLTweaker
[15:39:35] [main/INFO] [LaunchWrapper]: Using primary tweak class name net.minecraftforge.fml.common.launcher.FMLTweaker
[15:39:35] [main/INFO] [LaunchWrapper]: Loading tweak class name net.minecraftforge.gradle.GradleStartCommon$GradleStartTweaker
[15:39:35] [main/INFO] [LaunchWrapper]: Calling tweak class net.minecraftforge.fml.common.launcher.FMLTweaker
[16:04:20] [main/INFO] [GradleStart]: Extra: []
[16:04:21] [main/INFO] [GradleStart]: Running with arguments: [--userProperties, {}, --accessToken, {REDACTED}, --assetIndex, 1.8, --assetsDir, C:/Users/Hassan/.gradle/caches/minecraft/assets, --version, 1.8, --tweakClass, net.minecraftforge.fml.common.launcher.FMLTweaker, --tweakClass, net.minecraftforge.gradle.GradleStartCommon$GradleStartTweaker]
[16:04:21] [main/INFO] [LaunchWrapper]: Loading tweak class name net.minecraftforge.fml.common.launcher.FMLTweaker
[16:04:21] [main/INFO] [LaunchWrapper]: Using primary tweak class name net.minecraftforge.fml.common.launcher.FMLTweaker
[16:04:21] [main/INFO] [LaunchWrapper]: Loading tweak class name net.minecraftforge.gradle.GradleStartCommon$GradleStartTweaker
[16:04:21] [main/INFO] [LaunchWrapper]: Calling tweak class net.minecraftforge.fml.common.launcher.FMLTweaker
[16:05:09] [main/INFO] [GradleStart]: Extra: []
[16:05:09] [main/INFO] [GradleStart]: Running with arguments: [--userProperties, {}, --accessToken, {REDACTED}, --assetIndex, 1.8, --assetsDir, C:/Users/Hassan/.gradle/caches/minecraft/assets, --version, 1.8, --tweakClass, net.minecraftforge.fml.common.launcher.FMLTweaker, --tweakClass, net.minecraftforge.gradle.GradleStartCommon$GradleStartTweaker]
[16:05:09] [main/INFO] [LaunchWrapper]: Loading tweak class name net.minecraftforge.fml.common.launcher.FMLTweaker
[16:05:09] [main/INFO] [LaunchWrapper]: Using primary tweak class name net.minecraftforge.fml.common.launcher.FMLTweaker
[16:05:09] [main/INFO] [LaunchWrapper]: Loading tweak class name net.minecraftforge.gradle.GradleStartCommon$GradleStartTweaker
[16:05:09] [main/INFO] [LaunchWrapper]: Calling tweak class net.minecraftforge.fml.common.launcher.FMLTweaker
[08:17:01] [main/INFO] [GradleStart]: Extra: []
[08:17:01] [main/INFO] [GradleStart]: Running with arguments: [--userProperties, {}, --accessToken, {REDACTED}, --assetIndex, 1.8, --assetsDir, C:/Users/Hassan/.gradle/caches/minecraft/assets, --version, 1.8, --tweakClass, net.minecraftforge.fml.common.launcher.FMLTweaker, --tweakClass, net.minecraftforge.gradle.GradleStartCommon$GradleStartTweaker]
[08:17:02] [main/INFO] [LaunchWrapper]: Loading tweak class name net.minecraftforge.fml.common.launcher.FMLTweaker
[08:17:02] [main/INFO] [LaunchWrapper]: Using primary tweak class name net.minecraftforge.fml.common.launcher.FMLTweaker
[08:17:02] [main/INFO] [LaunchWrapper]: Loading tweak class name net.minecraftforge.gradle.GradleStartCommon$GradleStartTweaker
[08:17:02] [main/INFO] [LaunchWrapper]: Calling tweak class net.minecraftforge.fml.common.launcher.FMLTweaker
[08:19:47] [main/INFO] [GradleStart]: Extra: []
[08:19:47] [main/INFO] [GradleStart]: Running with arguments: [--userProperties, {}, --accessToken, {REDACTED}, --assetIndex, 1.8, --assetsDir, C:/Users/Hassan/.gradle/caches/minecraft/assets, --version, 1.8, --tweakClass, net.minecraftforge.fml.common.launcher.FMLTweaker, --tweakClass, net.minecraftforge.gradle.GradleStartCommon$GradleStartTweaker]
[08:19:47] [main/INFO] [LaunchWrapper]: Loading tweak class name net.minecraftforge.fml.common.launcher.FMLTweaker
[08:19:47] [main/INFO] [LaunchWrapper]: Using primary tweak class name net.minecraftforge.fml.common.launcher.FMLTweaker
[08:19:47] [main/INFO] [LaunchWrapper]: Loading tweak class name net.minecraftforge.gradle.GradleStartCommon$GradleStartTweaker
[08:19:47] [main/INFO] [LaunchWrapper]: Calling tweak class net.minecraftforge.fml.common.launcher.FMLTweaker
[08:22:51] [main/INFO] [GradleStart]: Extra: []
[08:22:52] [main/INFO] [GradleStart]: Running with arguments: [--userProperties, {}, --accessToken, {REDACTED}, --assetIndex, 1.8, --assetsDir, C:/Users/Hassan/.gradle/caches/minecraft/assets, --version, 1.8, --tweakClass, net.minecraftforge.fml.common.launcher.FMLTweaker, --tweakClass, net.minecraftforge.gradle.GradleStartCommon$GradleStartTweaker]
[08:22:52] [main/INFO] [LaunchWrapper]: Loading tweak class name net.minecraftforge.fml.common.launcher.FMLTweaker
[08:22:52] [main/INFO] [LaunchWrapper]: Using primary tweak class name net.minecraftforge.fml.common.launcher.FMLTweaker
[08:22:52] [main/INFO] [LaunchWrapper]: Loading tweak class name net.minecraftforge.gradle.GradleStartCommon$GradleStartTweaker
[08:22:52] [main/INFO] [LaunchWrapper]: Calling tweak class net.minecraftforge.fml.common.launcher.FMLTweaker
[08:26:23] [main/INFO] [GradleStart]: Extra: []
[08:26:23] [main/INFO] [GradleStart]: Running with arguments: [--userProperties, {}, --accessToken, {REDACTED}, --assetIndex, 1.8, --assetsDir, C:/Users/Hassan/.gradle/caches/minecraft/assets, --version, 1.8, --tweakClass, net.minecraftforge.fml.common.launcher.FMLTweaker, --tweakClass, net.minecraftforge.gradle.GradleStartCommon$GradleStartTweaker]
[08:26:23] [main/INFO] [LaunchWrapper]: Loading tweak class name net.minecraftforge.fml.common.launcher.FMLTweaker
[08:26:23] [main/INFO] [LaunchWrapper]: Using primary tweak class name net.minecraftforge.fml.common.launcher.FMLTweaker
[08:26:23] [main/INFO] [LaunchWrapper]: Loading tweak class name net.minecraftforge.gradle.GradleStartCommon$GradleStartTweaker
[08:26:23] [main/INFO] [LaunchWrapper]: Calling tweak class net.minecraftforge.fml.common.launcher.FMLTweaker
[08:44:33] [main/INFO] [GradleStart]: Extra: []
[08:44:33] [main/INFO] [GradleStart]: Running with arguments: [--userProperties, {}, --accessToken, {REDACTED}, --assetIndex, 1.8, --assetsDir, C:/Users/Hassan/.gradle/caches/minecraft/assets, --version, 1.8, --tweakClass, net.minecraftforge.fml.common.launcher.FMLTweaker, --tweakClass, net.minecraftforge.gradle.GradleStartCommon$GradleStartTweaker]
[08:44:33] [main/INFO] [LaunchWrapper]: Loading tweak class name net.minecraftforge.fml.common.launcher.FMLTweaker
[08:44:33] [main/INFO] [LaunchWrapper]: Using primary tweak class name net.minecraftforge.fml.common.launcher.FMLTweaker
[08:44:33] [main/INFO] [LaunchWrapper]: Loading tweak class name net.minecraftforge.gradle.GradleStartCommon$GradleStartTweaker
[08:44:33] [main/INFO] [LaunchWrapper]: Calling tweak class net.minecraftforge.fml.common.launcher.FMLTweaker
[08:46:21] [main/INFO] [GradleStart]: Extra: []
[08:46:21] [main/INFO] [GradleStart]: Running with arguments: [--userProperties, {}, --accessToken, {REDACTED}, --assetIndex, 1.8, --assetsDir, C:/Users/Hassan/.gradle/caches/minecraft/assets, --version, 1.8, --tweakClass, net.minecraftforge.fml.common.launcher.FMLTweaker, --tweakClass, net.minecraftforge.gradle.GradleStartCommon$GradleStartTweaker]
[08:46:21] [main/INFO] [LaunchWrapper]: Loading tweak class name net.minecraftforge.fml.common.launcher.FMLTweaker
[08:46:21] [main/INFO] [LaunchWrapper]: Using primary tweak class name net.minecraftforge.fml.common.launcher.FMLTweaker
[08:46:21] [main/INFO] [LaunchWrapper]: Loading tweak class name net.minecraftforge.gradle.GradleStartCommon$GradleStartTweaker
[08:46:21] [main/INFO] [LaunchWrapper]: Calling tweak class net.minecraftforge.fml.common.launcher.FMLTweaker
[08:48:14] [main/INFO] [GradleStart]: Extra: []
[08:48:14] [main/INFO] [GradleStart]: Running with arguments: [--userProperties, {}, --accessToken, {REDACTED}, --assetIndex, 1.8, --assetsDir, C:/Users/Hassan/.gradle/caches/minecraft/assets, --version, 1.8, --tweakClass, net.minecraftforge.fml.common.launcher.FMLTweaker, --tweakClass, net.minecraftforge.gradle.GradleStartCommon$GradleStartTweaker]
[08:48:14] [main/INFO] [LaunchWrapper]: Loading tweak class name net.minecraftforge.fml.common.launcher.FMLTweaker
[08:48:14] [main/INFO] [LaunchWrapper]: Using primary tweak class name net.minecraftforge.fml.common.launcher.FMLTweaker
[08:48:14] [main/INFO] [LaunchWrapper]: Loading tweak class name net.minecraftforge.gradle.GradleStartCommon$GradleStartTweaker
[08:48:14] [main/INFO] [LaunchWrapper]: Calling tweak class net.minecraftforge.fml.common.launcher.FMLTweaker
[08:51:31] [main/INFO] [GradleStart]: Extra: []
[08:51:31] [main/INFO] [GradleStart]: Running with arguments: [--userProperties, {}, --accessToken, {REDACTED}, --assetIndex, 1.8, --assetsDir, C:/Users/Hassan/.gradle/caches/minecraft/assets, --version, 1.8, --tweakClass, net.minecraftforge.fml.common.launcher.FMLTweaker, --tweakClass, net.minecraftforge.gradle.GradleStartCommon$GradleStartTweaker]
[08:51:31] [main/INFO] [LaunchWrapper]: Loading tweak class name net.minecraftforge.fml.common.launcher.FMLTweaker
[08:51:31] [main/INFO] [LaunchWrapper]: Using primary tweak class name net.minecraftforge.fml.common.launcher.FMLTweaker
[08:51:31] [main/INFO] [LaunchWrapper]: Loading tweak class name net.minecraftforge.gradle.GradleStartCommon$GradleStartTweaker
[08:51:31] [main/INFO] [LaunchWrapper]: Calling tweak class net.minecraftforge.fml.common.launcher.FMLTweaker
[08:53:47] [main/INFO] [GradleStart]: Extra: []
[08:53:48] [main/INFO] [GradleStart]: Running with arguments: [--userProperties, {}, --accessToken, {REDACTED}, --assetIndex, 1.8, --assetsDir, C:/Users/Hassan/.gradle/caches/minecraft/assets, --version, 1.8, --tweakClass, net.minecraftforge.fml.common.launcher.FMLTweaker, --tweakClass, net.minecraftforge.gradle.GradleStartCommon$GradleStartTweaker]
[08:53:48] [main/INFO] [LaunchWrapper]: Loading tweak class name net.minecraftforge.fml.common.launcher.FMLTweaker
[08:53:48] [main/INFO] [LaunchWrapper]: Using primary tweak class name net.minecraftforge.fml.common.launcher.FMLTweaker
[08:53:48] [main/INFO] [LaunchWrapper]: Loading tweak class name net.minecraftforge.gradle.GradleStartCommon$GradleStartTweaker
[08:53:48] [main/INFO] [LaunchWrapper]: Calling tweak class net.minecraftforge.fml.common.launcher.FMLTweaker
[12:16:22] [main/INFO] [GradleStart]: Extra: []
[12:16:22] [main/INFO] [GradleStart]: Running with arguments: [--userProperties, {}, --accessToken, {REDACTED}, --assetIndex, 1.8, --assetsDir, C:/Users/Hassan/.gradle/caches/minecraft/assets, --version, 1.8, --tweakClass, net.minecraftforge.fml.common.launcher.FMLTweaker, --tweakClass, net.minecraftforge.gradle.GradleStartCommon$GradleStartTweaker]
[12:16:22] [main/INFO] [LaunchWrapper]: Loading tweak class name net.minecraftforge.fml.common.launcher.FMLTweaker
[12:16:22] [main/INFO] [LaunchWrapper]: Using primary tweak class name net.minecraftforge.fml.common.launcher.FMLTweaker
[12:16:22] [main/INFO] [LaunchWrapper]: Loading tweak class name net.minecraftforge.gradle.GradleStartCommon$GradleStartTweaker
[12:16:22] [main/INFO] [LaunchWrapper]: Calling tweak class net.minecraftforge.fml.common.launcher.FMLTweaker
[12:17:56] [main/INFO] [GradleStart]: Extra: []
[12:17:56] [main/INFO] [GradleStart]: Running with arguments: [--userProperties, {}, --accessToken, {REDACTED}, --assetIndex, 1.8, --assetsDir, C:/Users/Hassan/.gradle/caches/minecraft/assets, --version, 1.8, --tweakClass, net.minecraftforge.fml.common.launcher.FMLTweaker, --tweakClass, net.minecraftforge.gradle.GradleStartCommon$GradleStartTweaker]
[12:17:56] [main/INFO] [LaunchWrapper]: Loading tweak class name net.minecraftforge.fml.common.launcher.FMLTweaker
[12:17:56] [main/INFO] [LaunchWrapper]: Using primary tweak class name net.minecraftforge.fml.common.launcher.FMLTweaker
[12:17:56] [main/INFO] [LaunchWrapper]: Loading tweak class name net.minecraftforge.gradle.GradleStartCommon$GradleStartTweaker
[12:17:56] [main/INFO] [LaunchWrapper]: Calling tweak class net.minecraftforge.fml.common.launcher.FMLTweaker
[12:23:29] [main/INFO] [GradleStart]: Extra: []
[12:23:29] [main/INFO] [GradleStart]: Running with arguments: [--userProperties, {}, --accessToken, {REDACTED}, --assetIndex, 1.8, --assetsDir, C:/Users/Hassan/.gradle/caches/minecraft/assets, --version, 1.8, --tweakClass, net.minecraftforge.fml.common.launcher.FMLTweaker, --tweakClass, net.minecraftforge.gradle.GradleStartCommon$GradleStartTweaker]
[12:23:29] [main/INFO] [LaunchWrapper]: Loading tweak class name net.minecraftforge.fml.common.launcher.FMLTweaker
[12:23:29] [main/INFO] [LaunchWrapper]: Using primary tweak class name net.minecraftforge.fml.common.launcher.FMLTweaker
[12:23:29] [main/INFO] [LaunchWrapper]: Loading tweak class name net.minecraftforge.gradle.GradleStartCommon$GradleStartTweaker
[12:23:29] [main/INFO] [LaunchWrapper]: Calling tweak class net.minecraftforge.fml.common.launcher.FMLTweaker
[12:33:17] [main/INFO] [GradleStart]: Extra: []
[12:33:17] [main/INFO] [GradleStart]: Running with arguments: [--userProperties, {}, --accessToken, {REDACTED}, --assetIndex, 1.8, --assetsDir, C:/Users/Hassan/.gradle/caches/minecraft/assets, --version, 1.8, --tweakClass, net.minecraftforge.fml.common.launcher.FMLTweaker, --tweakClass, net.minecraftforge.gradle.GradleStartCommon$GradleStartTweaker]
[12:33:17] [main/INFO] [LaunchWrapper]: Loading tweak class name net.minecraftforge.fml.common.launcher.FMLTweaker
[12:33:17] [main/INFO] [LaunchWrapper]: Using primary tweak class name net.minecraftforge.fml.common.launcher.FMLTweaker
[12:33:17] [main/INFO] [LaunchWrapper]: Loading tweak class name net.minecraftforge.gradle.GradleStartCommon$GradleStartTweaker
[12:33:17] [main/INFO] [LaunchWrapper]: Calling tweak class net.minecraftforge.fml.common.launcher.FMLTweaker
[12:46:09] [main/INFO] [GradleStart]: Extra: []
[12:46:09] [main/INFO] [GradleStart]: Running with arguments: [--userProperties, {}, --accessToken, {REDACTED}, --assetIndex, 1.8, --assetsDir, C:/Users/Hassan/.gradle/caches/minecraft/assets, --version, 1.8, --tweakClass, net.minecraftforge.fml.common.launcher.FMLTweaker, --tweakClass, net.minecraftforge.gradle.GradleStartCommon$GradleStartTweaker]
[12:46:09] [main/INFO] [LaunchWrapper]: Loading tweak class name net.minecraftforge.fml.common.launcher.FMLTweaker
[12:46:09] [main/INFO] [LaunchWrapper]: Using primary tweak class name net.minecraftforge.fml.common.launcher.FMLTweaker
[12:46:09] [main/INFO] [LaunchWrapper]: Loading tweak class name net.minecraftforge.gradle.GradleStartCommon$GradleStartTweaker
[12:46:09] [main/INFO] [LaunchWrapper]: Calling tweak class net.minecraftforge.fml.common.launcher.FMLTweaker
[18:29:51] [main/INFO] [GradleStart]: Extra: []
[18:29:51] [main/INFO] [GradleStart]: Running with arguments: [--userProperties, {}, --accessToken, {REDACTED}, --assetIndex, 1.8, --assetsDir, C:/Users/Hassan/.gradle/caches/minecraft/assets, --version, 1.8, --tweakClass, net.minecraftforge.fml.common.launcher.FMLTweaker, --tweakClass, net.minecraftforge.gradle.GradleStartCommon$GradleStartTweaker]
[18:29:51] [main/INFO] [LaunchWrapper]: Loading tweak class name net.minecraftforge.fml.common.launcher.FMLTweaker
[18:29:51] [main/INFO] [LaunchWrapper]: Using primary tweak class name net.minecraftforge.fml.common.launcher.FMLTweaker
[18:29:51] [main/INFO] [LaunchWrapper]: Loading tweak class name net.minecraftforge.gradle.GradleStartCommon$GradleStartTweaker
[18:29:51] [main/INFO] [LaunchWrapper]: Calling tweak class net.minecraftforge.fml.common.launcher.FMLTweaker
[18:37:13] [main/INFO] [GradleStart]: Extra: []
[18:37:13] [main/INFO] [GradleStart]: Running with arguments: [--userProperties, {}, --accessToken, {REDACTED}, --assetIndex, 1.8, --assetsDir, C:/Users/Hassan/.gradle/caches/minecraft/assets, --version, 1.8, --tweakClass, net.minecraftforge.fml.common.launcher.FMLTweaker, --tweakClass, net.minecraftforge.gradle.GradleStartCommon$GradleStartTweaker]
[18:37:13] [main/INFO] [LaunchWrapper]: Loading tweak class name net.minecraftforge.fml.common.launcher.FMLTweaker
[18:37:13] [main/INFO] [LaunchWrapper]: Using primary tweak class name net.minecraftforge.fml.common.launcher.FMLTweaker
[18:37:13] [main/INFO] [LaunchWrapper]: Loading tweak class name net.minecraftforge.gradle.GradleStartCommon$GradleStartTweaker
[18:37:13] [main/INFO] [LaunchWrapper]: Calling tweak class net.minecraftforge.fml.common.launcher.FMLTweaker
[18:44:01] [main/INFO] [GradleStart]: Extra: []
[18:44:01] [main/INFO] [GradleStart]: Running with arguments: [--userProperties, {}, --accessToken, {REDACTED}, --assetIndex, 1.8, --assetsDir, C:/Users/Hassan/.gradle/caches/minecraft/assets, --version, 1.8, --tweakClass, net.minecraftforge.fml.common.launcher.FMLTweaker, --tweakClass, net.minecraftforge.gradle.GradleStartCommon$GradleStartTweaker]
[18:44:01] [main/INFO] [LaunchWrapper]: Loading tweak class name net.minecraftforge.fml.common.launcher.FMLTweaker
[18:44:01] [main/INFO] [LaunchWrapper]: Using primary tweak class name net.minecraftforge.fml.common.launcher.FMLTweaker
[18:44:01] [main/INFO] [LaunchWrapper]: Loading tweak class name net.minecraftforge.gradle.GradleStartCommon$GradleStartTweaker
[18:44:01] [main/INFO] [LaunchWrapper]: Calling tweak class net.minecraftforge.fml.common.launcher.FMLTweaker
[18:46:17] [main/INFO] [GradleStart]: Extra: []
[18:46:17] [main/INFO] [GradleStart]: Running with arguments: [--userProperties, {}, --accessToken, {REDACTED}, --assetIndex, 1.8, --assetsDir, C:/Users/Hassan/.gradle/caches/minecraft/assets, --version, 1.8, --tweakClass, net.minecraftforge.fml.common.launcher.FMLTweaker, --tweakClass, net.minecraftforge.gradle.GradleStartCommon$GradleStartTweaker]
[18:46:17] [main/INFO] [LaunchWrapper]: Loading tweak class name net.minecraftforge.fml.common.launcher.FMLTweaker
[18:46:17] [main/INFO] [LaunchWrapper]: Using primary tweak class name net.minecraftforge.fml.common.launcher.FMLTweaker
[18:46:17] [main/INFO] [LaunchWrapper]: Loading tweak class name net.minecraftforge.gradle.GradleStartCommon$GradleStartTweaker
[18:46:17] [main/INFO] [LaunchWrapper]: Calling tweak class net.minecraftforge.fml.common.launcher.FMLTweaker
[18:48:49] [main/INFO] [GradleStart]: Extra: []
[18:48:49] [main/INFO] [GradleStart]: Running with arguments: [--userProperties, {}, --accessToken, {REDACTED}, --assetIndex, 1.8, --assetsDir, C:/Users/Hassan/.gradle/caches/minecraft/assets, --version, 1.8, --tweakClass, net.minecraftforge.fml.common.launcher.FMLTweaker, --tweakClass, net.minecraftforge.gradle.GradleStartCommon$GradleStartTweaker]
[18:48:49] [main/INFO] [LaunchWrapper]: Loading tweak class name net.minecraftforge.fml.common.launcher.FMLTweaker
[18:48:49] [main/INFO] [LaunchWrapper]: Using primary tweak class name net.minecraftforge.fml.common.launcher.FMLTweaker
[18:48:49] [main/INFO] [LaunchWrapper]: Loading tweak class name net.minecraftforge.gradle.GradleStartCommon$GradleStartTweaker
[18:48:49] [main/INFO] [LaunchWrapper]: Calling tweak class net.minecraftforge.fml.common.launcher.FMLTweaker
[19:07:29] [main/INFO] [GradleStart]: Extra: []
[19:07:29] [main/INFO] [GradleStart]: Running with arguments: [--userProperties, {}, --accessToken, {REDACTED}, --assetIndex, 1.8, --assetsDir, C:/Users/Hassan/.gradle/caches/minecraft/assets, --version, 1.8, --tweakClass, net.minecraftforge.fml.common.launcher.FMLTweaker, --tweakClass, net.minecraftforge.gradle.GradleStartCommon$GradleStartTweaker]
[19:07:29] [main/INFO] [LaunchWrapper]: Loading tweak class name net.minecraftforge.fml.common.launcher.FMLTweaker
[19:07:29] [main/INFO] [LaunchWrapper]: Using primary tweak class name net.minecraftforge.fml.common.launcher.FMLTweaker
[19:07:29] [main/INFO] [LaunchWrapper]: Loading tweak class name net.minecraftforge.gradle.GradleStartCommon$GradleStartTweaker
[19:07:29] [main/INFO] [LaunchWrapper]: Calling tweak class net.minecraftforge.fml.common.launcher.FMLTweaker
[19:10:14] [main/INFO] [GradleStart]: Extra: []
[19:10:14] [main/INFO] [GradleStart]: Running with arguments: [--userProperties, {}, --accessToken, {REDACTED}, --assetIndex, 1.8, --assetsDir, C:/Users/Hassan/.gradle/caches/minecraft/assets, --version, 1.8, --tweakClass, net.minecraftforge.fml.common.launcher.FMLTweaker, --tweakClass, net.minecraftforge.gradle.GradleStartCommon$GradleStartTweaker]
[19:10:14] [main/INFO] [LaunchWrapper]: Loading tweak class name net.minecraftforge.fml.common.launcher.FMLTweaker
[19:10:14] [main/INFO] [LaunchWrapper]: Using primary tweak class name net.minecraftforge.fml.common.launcher.FMLTweaker
[19:10:14] [main/INFO] [LaunchWrapper]: Loading tweak class name net.minecraftforge.gradle.GradleStartCommon$GradleStartTweaker
[19:10:14] [main/INFO] [LaunchWrapper]: Calling tweak class net.minecraftforge.fml.common.launcher.FMLTweaker
[19:15:06] [main/INFO] [GradleStart]: Extra: []
[19:15:06] [main/INFO] [GradleStart]: Running with arguments: [--userProperties, {}, --accessToken, {REDACTED}, --assetIndex, 1.8, --assetsDir, C:/Users/Hassan/.gradle/caches/minecraft/assets, --version, 1.8, --tweakClass, net.minecraftforge.fml.common.launcher.FMLTweaker, --tweakClass, net.minecraftforge.gradle.GradleStartCommon$GradleStartTweaker]
[19:15:06] [main/INFO] [LaunchWrapper]: Loading tweak class name net.minecraftforge.fml.common.launcher.FMLTweaker
[19:15:06] [main/INFO] [LaunchWrapper]: Using primary tweak class name net.minecraftforge.fml.common.launcher.FMLTweaker
[19:15:06] [main/INFO] [LaunchWrapper]: Loading tweak class name net.minecraftforge.gradle.GradleStartCommon$GradleStartTweaker
[19:15:06] [main/INFO] [LaunchWrapper]: Calling tweak class net.minecraftforge.fml.common.launcher.FMLTweaker
[19:19:22] [main/INFO] [GradleStart]: Extra: []
[19:19:22] [main/INFO] [GradleStart]: Running with arguments: [--userProperties, {}, --accessToken, {REDACTED}, --assetIndex, 1.8, --assetsDir, C:/Users/Hassan/.gradle/caches/minecraft/assets, --version, 1.8, --tweakClass, net.minecraftforge.fml.common.launcher.FMLTweaker, --tweakClass, net.minecraftforge.gradle.GradleStartCommon$GradleStartTweaker]
[19:19:22] [main/INFO] [LaunchWrapper]: Loading tweak class name net.minecraftforge.fml.common.launcher.FMLTweaker
[19:19:22] [main/INFO] [LaunchWrapper]: Using primary tweak class name net.minecraftforge.fml.common.launcher.FMLTweaker
[19:19:22] [main/INFO] [LaunchWrapper]: Loading tweak class name net.minecraftforge.gradle.GradleStartCommon$GradleStartTweaker
[19:19:22] [main/INFO] [LaunchWrapper]: Calling tweak class net.minecraftforge.fml.common.launcher.FMLTweaker
[20:35:04] [main/INFO] [GradleStart]: Extra: []
[20:35:04] [main/INFO] [GradleStart]: Running with arguments: [--userProperties, {}, --accessToken, {REDACTED}, --assetIndex, 1.8, --assetsDir, C:/Users/Hassan/.gradle/caches/minecraft/assets, --version, 1.8, --tweakClass, net.minecraftforge.fml.common.launcher.FMLTweaker, --tweakClass, net.minecraftforge.gradle.GradleStartCommon$GradleStartTweaker]
[20:35:04] [main/INFO] [LaunchWrapper]: Loading tweak class name net.minecraftforge.fml.common.launcher.FMLTweaker
[20:35:04] [main/INFO] [LaunchWrapper]: Using primary tweak class name net.minecraftforge.fml.common.launcher.FMLTweaker
[20:35:04] [main/INFO] [LaunchWrapper]: Loading tweak class name net.minecraftforge.gradle.GradleStartCommon$GradleStartTweaker
[20:35:04] [main/INFO] [LaunchWrapper]: Calling tweak class net.minecraftforge.fml.common.launcher.FMLTweaker
[20:35:51] [main/INFO] [GradleStart]: Extra: []
[20:35:51] [main/INFO] [GradleStart]: Running with arguments: [--userProperties, {}, --accessToken, {REDACTED}, --assetIndex, 1.8, --assetsDir, C:/Users/Hassan/.gradle/caches/minecraft/assets, --version, 1.8, --tweakClass, net.minecraftforge.fml.common.launcher.FMLTweaker, --tweakClass, net.minecraftforge.gradle.GradleStartCommon$GradleStartTweaker]
[20:35:51] [main/INFO] [LaunchWrapper]: Loading tweak class name net.minecraftforge.fml.common.launcher.FMLTweaker
[20:35:51] [main/INFO] [LaunchWrapper]: Using primary tweak class name net.minecraftforge.fml.common.launcher.FMLTweaker
[20:35:51] [main/INFO] [LaunchWrapper]: Loading tweak class name net.minecraftforge.gradle.GradleStartCommon$GradleStartTweaker
[20:35:51] [main/INFO] [LaunchWrapper]: Calling tweak class net.minecraftforge.fml.common.launcher.FMLTweaker
[20:38:12] [main/INFO] [GradleStart]: Extra: []
[20:38:12] [main/INFO] [GradleStart]: Running with arguments: [--userProperties, {}, --accessToken, {REDACTED}, --assetIndex, 1.8, --assetsDir, C:/Users/Hassan/.gradle/caches/minecraft/assets, --version, 1.8, --tweakClass, net.minecraftforge.fml.common.launcher.FMLTweaker, --tweakClass, net.minecraftforge.gradle.GradleStartCommon$GradleStartTweaker]
[20:38:12] [main/INFO] [LaunchWrapper]: Loading tweak class name net.minecraftforge.fml.common.launcher.FMLTweaker
[20:38:12] [main/INFO] [LaunchWrapper]: Using primary tweak class name net.minecraftforge.fml.common.launcher.FMLTweaker
[20:38:12] [main/INFO] [LaunchWrapper]: Loading tweak class name net.minecraftforge.gradle.GradleStartCommon$GradleStartTweaker
[20:38:12] [main/INFO] [LaunchWrapper]: Calling tweak class net.minecraftforge.fml.common.launcher.FMLTweaker
[20:39:59] [main/INFO] [GradleStart]: Extra: []
[20:39:59] [main/INFO] [GradleStart]: Running with arguments: [--userProperties, {}, --accessToken, {REDACTED}, --assetIndex, 1.8, --assetsDir, C:/Users/Hassan/.gradle/caches/minecraft/assets, --version, 1.8, --tweakClass, net.minecraftforge.fml.common.launcher.FMLTweaker, --tweakClass, net.minecraftforge.gradle.GradleStartCommon$GradleStartTweaker]
[20:39:59] [main/INFO] [LaunchWrapper]: Loading tweak class name net.minecraftforge.fml.common.launcher.FMLTweaker
[20:39:59] [main/INFO] [LaunchWrapper]: Using primary tweak class name net.minecraftforge.fml.common.launcher.FMLTweaker
[20:39:59] [main/INFO] [LaunchWrapper]: Loading tweak class name net.minecraftforge.gradle.GradleStartCommon$GradleStartTweaker
[20:39:59] [main/INFO] [LaunchWrapper]: Calling tweak class net.minecraftforge.fml.common.launcher.FMLTweaker
[20:44:51] [main/INFO] [GradleStart]: Extra: []
[20:44:51] [main/INFO] [GradleStart]: Running with arguments: [--userProperties, {}, --accessToken, {REDACTED}, --assetIndex, 1.8, --assetsDir, C:/Users/Hassan/.gradle/caches/minecraft/assets, --version, 1.8, --tweakClass, net.minecraftforge.fml.common.launcher.FMLTweaker, --tweakClass, net.minecraftforge.gradle.GradleStartCommon$GradleStartTweaker]
[20:44:52] [main/INFO] [LaunchWrapper]: Loading tweak class name net.minecraftforge.fml.common.launcher.FMLTweaker
[20:44:52] [main/INFO] [LaunchWrapper]: Using primary tweak class name net.minecraftforge.fml.common.launcher.FMLTweaker
[20:44:52] [main/INFO] [LaunchWrapper]: Loading tweak class name net.minecraftforge.gradle.GradleStartCommon$GradleStartTweaker
[20:44:52] [main/INFO] [LaunchWrapper]: Calling tweak class net.minecraftforge.fml.common.launcher.FMLTweaker
[20:47:38] [main/INFO] [GradleStart]: Extra: []
[20:47:38] [main/INFO] [GradleStart]: Running with arguments: [--userProperties, {}, --accessToken, {REDACTED}, --assetIndex, 1.8, --assetsDir, C:/Users/Hassan/.gradle/caches/minecraft/assets, --version, 1.8, --tweakClass, net.minecraftforge.fml.common.launcher.FMLTweaker, --tweakClass, net.minecraftforge.gradle.GradleStartCommon$GradleStartTweaker]
[20:47:38] [main/INFO] [LaunchWrapper]: Loading tweak class name net.minecraftforge.fml.common.launcher.FMLTweaker
[20:47:38] [main/INFO] [LaunchWrapper]: Using primary tweak class name net.minecraftforge.fml.common.launcher.FMLTweaker
[20:47:38] [main/INFO] [LaunchWrapper]: Loading tweak class name net.minecraftforge.gradle.GradleStartCommon$GradleStartTweaker
[20:47:38] [main/INFO] [LaunchWrapper]: Calling tweak class net.minecraftforge.fml.common.launcher.FMLTweaker
[20:54:48] [main/INFO] [GradleStart]: Extra: []
[20:54:49] [main/INFO] [GradleStart]: Running with arguments: [--userProperties, {}, --accessToken, {REDACTED}, --assetIndex, 1.8, --assetsDir, C:/Users/Hassan/.gradle/caches/minecraft/assets, --version, 1.8, --tweakClass, net.minecraftforge.fml.common.launcher.FMLTweaker, --tweakClass, net.minecraftforge.gradle.GradleStartCommon$GradleStartTweaker]
[20:54:49] [main/INFO] [LaunchWrapper]: Loading tweak class name net.minecraftforge.fml.common.launcher.FMLTweaker
[20:54:49] [main/INFO] [LaunchWrapper]: Using primary tweak class name net.minecraftforge.fml.common.launcher.FMLTweaker
[20:54:49] [main/INFO] [LaunchWrapper]: Loading tweak class name net.minecraftforge.gradle.GradleStartCommon$GradleStartTweaker
[20:54:49] [main/INFO] [LaunchWrapper]: Calling tweak class net.minecraftforge.fml.common.launcher.FMLTweaker
[20:55:55] [main/INFO] [GradleStart]: Extra: []
[20:55:56] [main/INFO] [GradleStart]: Running with arguments: [--userProperties, {}, --accessToken, {REDACTED}, --assetIndex, 1.8, --assetsDir, C:/Users/Hassan/.gradle/caches/minecraft/assets, --version, 1.8, --tweakClass, net.minecraftforge.fml.common.launcher.FMLTweaker, --tweakClass, net.minecraftforge.gradle.GradleStartCommon$GradleStartTweaker]
[20:55:56] [main/INFO] [LaunchWrapper]: Loading tweak class name net.minecraftforge.fml.common.launcher.FMLTweaker
[20:55:56] [main/INFO] [LaunchWrapper]: Using primary tweak class name net.minecraftforge.fml.common.launcher.FMLTweaker
[20:55:56] [main/INFO] [LaunchWrapper]: Loading tweak class name net.minecraftforge.gradle.GradleStartCommon$GradleStartTweaker
[20:55:56] [main/INFO] [LaunchWrapper]: Calling tweak class net.minecraftforge.fml.common.launcher.FMLTweaker
[20:58:09] [main/INFO] [GradleStart]: Extra: []
[20:58:09] [main/INFO] [GradleStart]: Running with arguments: [--userProperties, {}, --accessToken, {REDACTED}, --assetIndex, 1.8, --assetsDir, C:/Users/Hassan/.gradle/caches/minecraft/assets, --version, 1.8, --tweakClass, net.minecraftforge.fml.common.launcher.FMLTweaker, --tweakClass, net.minecraftforge.gradle.GradleStartCommon$GradleStartTweaker]
[20:58:09] [main/INFO] [LaunchWrapper]: Loading tweak class name net.minecraftforge.fml.common.launcher.FMLTweaker
[20:58:09] [main/INFO] [LaunchWrapper]: Using primary tweak class name net.minecraftforge.fml.common.launcher.FMLTweaker
[20:58:09] [main/INFO] [LaunchWrapper]: Loading tweak class name net.minecraftforge.gradle.GradleStartCommon$GradleStartTweaker
[20:58:09] [main/INFO] [LaunchWrapper]: Calling tweak class net.minecraftforge.fml.common.launcher.FMLTweaker
[20:59:40] [main/INFO] [GradleStart]: Extra: []
[20:59:40] [main/INFO] [GradleStart]: Running with arguments: [--userProperties, {}, --accessToken, {REDACTED}, --assetIndex, 1.8, --assetsDir, C:/Users/Hassan/.gradle/caches/minecraft/assets, --version, 1.8, --tweakClass, net.minecraftforge.fml.common.launcher.FMLTweaker, --tweakClass, net.minecraftforge.gradle.GradleStartCommon$GradleStartTweaker]
[20:59:40] [main/INFO] [LaunchWrapper]: Loading tweak class name net.minecraftforge.fml.common.launcher.FMLTweaker
[20:59:40] [main/INFO] [LaunchWrapper]: Using primary tweak class name net.minecraftforge.fml.common.launcher.FMLTweaker
[20:59:40] [main/INFO] [LaunchWrapper]: Loading tweak class name net.minecraftforge.gradle.GradleStartCommon$GradleStartTweaker
[20:59:40] [main/INFO] [LaunchWrapper]: Calling tweak class net.minecraftforge.fml.common.launcher.FMLTweaker
[21:00:24] [main/INFO] [GradleStart]: Extra: []
[21:00:24] [main/INFO] [GradleStart]: Running with arguments: [--userProperties, {}, --accessToken, {REDACTED}, --assetIndex, 1.8, --assetsDir, C:/Users/Hassan/.gradle/caches/minecraft/assets, --version, 1.8, --tweakClass, net.minecraftforge.fml.common.launcher.FMLTweaker, --tweakClass, net.minecraftforge.gradle.GradleStartCommon$GradleStartTweaker]
[21:00:24] [main/INFO] [LaunchWrapper]: Loading tweak class name net.minecraftforge.fml.common.launcher.FMLTweaker
[21:00:24] [main/INFO] [LaunchWrapper]: Using primary tweak class name net.minecraftforge.fml.common.launcher.FMLTweaker
[21:00:24] [main/INFO] [LaunchWrapper]: Loading tweak class name net.minecraftforge.gradle.GradleStartCommon$GradleStartTweaker
[21:00:24] [main/INFO] [LaunchWrapper]: Calling tweak class net.minecraftforge.fml.common.launcher.FMLTweaker
[21:01:44] [main/INFO] [GradleStart]: Extra: []
[21:01:44] [main/INFO] [GradleStart]: Running with arguments: [--userProperties, {}, --accessToken, {REDACTED}, --assetIndex, 1.8, --assetsDir, C:/Users/Hassan/.gradle/caches/minecraft/assets, --version, 1.8, --tweakClass, net.minecraftforge.fml.common.launcher.FMLTweaker, --tweakClass, net.minecraftforge.gradle.GradleStartCommon$GradleStartTweaker]
[21:01:44] [main/INFO] [LaunchWrapper]: Loading tweak class name net.minecraftforge.fml.common.launcher.FMLTweaker
[21:01:44] [main/INFO] [LaunchWrapper]: Using primary tweak class name net.minecraftforge.fml.common.launcher.FMLTweaker
[21:01:44] [main/INFO] [LaunchWrapper]: Loading tweak class name net.minecraftforge.gradle.GradleStartCommon$GradleStartTweaker
[21:01:44] [main/INFO] [LaunchWrapper]: Calling tweak class net.minecraftforge.fml.common.launcher.FMLTweaker
[21:08:51] [main/INFO] [GradleStart]: Extra: []
[21:08:51] [main/INFO] [GradleStart]: Running with arguments: [--userProperties, {}, --accessToken, {REDACTED}, --assetIndex, 1.8, --assetsDir, C:/Users/Hassan/.gradle/caches/minecraft/assets, --version, 1.8, --tweakClass, net.minecraftforge.fml.common.launcher.FMLTweaker, --tweakClass, net.minecraftforge.gradle.GradleStartCommon$GradleStartTweaker]
[21:08:51] [main/INFO] [LaunchWrapper]: Loading tweak class name net.minecraftforge.fml.common.launcher.FMLTweaker
[21:08:51] [main/INFO] [LaunchWrapper]: Using primary tweak class name net.minecraftforge.fml.common.launcher.FMLTweaker
[21:08:51] [main/INFO] [LaunchWrapper]: Loading tweak class name net.minecraftforge.gradle.GradleStartCommon$GradleStartTweaker
[21:08:51] [main/INFO] [LaunchWrapper]: Calling tweak class net.minecraftforge.fml.common.launcher.FMLTweaker
[21:11:05] [main/INFO] [GradleStart]: Extra: []
[21:11:06] [main/INFO] [GradleStart]: Running with arguments: [--userProperties, {}, --accessToken, {REDACTED}, --assetIndex, 1.8, --assetsDir, C:/Users/Hassan/.gradle/caches/minecraft/assets, --version, 1.8, --tweakClass, net.minecraftforge.fml.common.launcher.FMLTweaker, --tweakClass, net.minecraftforge.gradle.GradleStartCommon$GradleStartTweaker]
[21:11:06] [main/INFO] [LaunchWrapper]: Loading tweak class name net.minecraftforge.fml.common.launcher.FMLTweaker
[21:11:06] [main/INFO] [LaunchWrapper]: Using primary tweak class name net.minecraftforge.fml.common.launcher.FMLTweaker
[21:11:06] [main/INFO] [LaunchWrapper]: Loading tweak class name net.minecraftforge.gradle.GradleStartCommon$GradleStartTweaker
[21:11:06] [main/INFO] [LaunchWrapper]: Calling tweak class net.minecraftforge.fml.common.launcher.FMLTweaker
[21:39:16] [main/INFO] [GradleStart]: Extra: []
[21:39:16] [main/INFO] [GradleStart]: Running with arguments: [--userProperties, {}, --accessToken, {REDACTED}, --assetIndex, 1.8, --assetsDir, C:/Users/Hassan/.gradle/caches/minecraft/assets, --version, 1.8, --tweakClass, net.minecraftforge.fml.common.launcher.FMLTweaker, --tweakClass, net.minecraftforge.gradle.GradleStartCommon$GradleStartTweaker]
[21:39:16] [main/INFO] [LaunchWrapper]: Loading tweak class name net.minecraftforge.fml.common.launcher.FMLTweaker
[21:39:16] [main/INFO] [LaunchWrapper]: Using primary tweak class name net.minecraftforge.fml.common.launcher.FMLTweaker
[21:39:16] [main/INFO] [LaunchWrapper]: Loading tweak class name net.minecraftforge.gradle.GradleStartCommon$GradleStartTweaker
[21:39:16] [main/INFO] [LaunchWrapper]: Calling tweak class net.minecraftforge.fml.common.launcher.FMLTweaker
[09:04:58] [main/INFO] [GradleStart]: Extra: []
[09:04:58] [main/INFO] [GradleStart]: Running with arguments: [--userProperties, {}, --accessToken, {REDACTED}, --assetIndex, 1.8, --assetsDir, C:/Users/Hassan/.gradle/caches/minecraft/assets, --version, 1.8, --tweakClass, net.minecraftforge.fml.common.launcher.FMLTweaker, --tweakClass, net.minecraftforge.gradle.GradleStartCommon$GradleStartTweaker]
[09:04:58] [main/INFO] [LaunchWrapper]: Loading tweak class name net.minecraftforge.fml.common.launcher.FMLTweaker
[09:04:58] [main/INFO] [LaunchWrapper]: Using primary tweak class name net.minecraftforge.fml.common.launcher.FMLTweaker
[09:04:58] [main/INFO] [LaunchWrapper]: Loading tweak class name net.minecraftforge.gradle.GradleStartCommon$GradleStartTweaker
[09:04:58] [main/INFO] [LaunchWrapper]: Calling tweak class net.minecraftforge.fml.common.launcher.FMLTweaker
[09:06:20] [main/INFO] [GradleStart]: Extra: []
[09:06:20] [main/INFO] [GradleStart]: Running with arguments: [--userProperties, {}, --accessToken, {REDACTED}, --assetIndex, 1.8, --assetsDir, C:/Users/Hassan/.gradle/caches/minecraft/assets, --version, 1.8, --tweakClass, net.minecraftforge.fml.common.launcher.FMLTweaker, --tweakClass, net.minecraftforge.gradle.GradleStartCommon$GradleStartTweaker]
[09:06:20] [main/INFO] [LaunchWrapper]: Loading tweak class name net.minecraftforge.fml.common.launcher.FMLTweaker
[09:06:21] [main/INFO] [LaunchWrapper]: Using primary tweak class name net.minecraftforge.fml.common.launcher.FMLTweaker
[09:06:21] [main/INFO] [LaunchWrapper]: Loading tweak class name net.minecraftforge.gradle.GradleStartCommon$GradleStartTweaker
[09:06:21] [main/INFO] [LaunchWrapper]: Calling tweak class net.minecraftforge.fml.common.launcher.FMLTweaker
[09:09:52] [main/INFO] [GradleStart]: Extra: []
[09:09:52] [main/INFO] [GradleStart]: Running with arguments: [--userProperties, {}, --accessToken, {REDACTED}, --assetIndex, 1.8, --assetsDir, C:/Users/Hassan/.gradle/caches/minecraft/assets, --version, 1.8, --tweakClass, net.minecraftforge.fml.common.launcher.FMLTweaker, --tweakClass, net.minecraftforge.gradle.GradleStartCommon$GradleStartTweaker]
[09:09:52] [main/INFO] [LaunchWrapper]: Loading tweak class name net.minecraftforge.fml.common.launcher.FMLTweaker
[09:09:52] [main/INFO] [LaunchWrapper]: Using primary tweak class name net.minecraftforge.fml.common.launcher.FMLTweaker
[09:09:52] [main/INFO] [LaunchWrapper]: Loading tweak class name net.minecraftforge.gradle.GradleStartCommon$GradleStartTweaker
[09:09:52] [main/INFO] [LaunchWrapper]: Calling tweak class net.minecraftforge.fml.common.launcher.FMLTweaker
[09:10:19] [main/INFO] [GradleStart]: Extra: []
[09:10:19] [main/INFO] [GradleStart]: Running with arguments: [--userProperties, {}, --accessToken, {REDACTED}, --assetIndex, 1.8, --assetsDir, C:/Users/Hassan/.gradle/caches/minecraft/assets, --version, 1.8, --tweakClass, net.minecraftforge.fml.common.launcher.FMLTweaker, --tweakClass, net.minecraftforge.gradle.GradleStartCommon$GradleStartTweaker]
[09:10:19] [main/INFO] [LaunchWrapper]: Loading tweak class name net.minecraftforge.fml.common.launcher.FMLTweaker
[09:10:19] [main/INFO] [LaunchWrapper]: Using primary tweak class name net.minecraftforge.fml.common.launcher.FMLTweaker
[09:10:19] [main/INFO] [LaunchWrapper]: Loading tweak class name net.minecraftforge.gradle.GradleStartCommon$GradleStartTweaker
[09:10:19] [main/INFO] [LaunchWrapper]: Calling tweak class net.minecraftforge.fml.common.launcher.FMLTweaker
[09:13:30] [main/INFO] [GradleStart]: Extra: []
[09:13:30] [main/INFO] [GradleStart]: Running with arguments: [--userProperties, {}, --accessToken, {REDACTED}, --assetIndex, 1.8, --assetsDir, C:/Users/Hassan/.gradle/caches/minecraft/assets, --version, 1.8, --tweakClass, net.minecraftforge.fml.common.launcher.FMLTweaker, --tweakClass, net.minecraftforge.gradle.GradleStartCommon$GradleStartTweaker]
[09:13:30] [main/INFO] [LaunchWrapper]: Loading tweak class name net.minecraftforge.fml.common.launcher.FMLTweaker
[09:13:30] [main/INFO] [LaunchWrapper]: Using primary tweak class name net.minecraftforge.fml.common.launcher.FMLTweaker
[09:13:30] [main/INFO] [LaunchWrapper]: Loading tweak class name net.minecraftforge.gradle.GradleStartCommon$GradleStartTweaker
[09:13:30] [main/INFO] [LaunchWrapper]: Calling tweak class net.minecraftforge.fml.common.launcher.FMLTweaker
[09:17:28] [main/INFO] [GradleStart]: Extra: []
[09:17:28] [main/INFO] [GradleStart]: Running with arguments: [--userProperties, {}, --accessToken, {REDACTED}, --assetIndex, 1.8, --assetsDir, C:/Users/Hassan/.gradle/caches/minecraft/assets, --version, 1.8, --tweakClass, net.minecraftforge.fml.common.launcher.FMLTweaker, --tweakClass, net.minecraftforge.gradle.GradleStartCommon$GradleStartTweaker]
[09:17:28] [main/INFO] [LaunchWrapper]: Loading tweak class name net.minecraftforge.fml.common.launcher.FMLTweaker
[09:17:28] [main/INFO] [LaunchWrapper]: Using primary tweak class name net.minecraftforge.fml.common.launcher.FMLTweaker
[09:17:28] [main/INFO] [LaunchWrapper]: Loading tweak class name net.minecraftforge.gradle.GradleStartCommon$GradleStartTweaker
[09:17:28] [main/INFO] [LaunchWrapper]: Calling tweak class net.minecraftforge.fml.common.launcher.FMLTweaker
[09:18:20] [main/INFO] [GradleStart]: Extra: []
[09:18:20] [main/INFO] [GradleStart]: Running with arguments: [--userProperties, {}, --accessToken, {REDACTED}, --assetIndex, 1.8, --assetsDir, C:/Users/Hassan/.gradle/caches/minecraft/assets, --version, 1.8, --tweakClass, net.minecraftforge.fml.common.launcher.FMLTweaker, --tweakClass, net.minecraftforge.gradle.GradleStartCommon$GradleStartTweaker]
[09:18:20] [main/INFO] [LaunchWrapper]: Loading tweak class name net.minecraftforge.fml.common.launcher.FMLTweaker
[09:18:20] [main/INFO] [LaunchWrapper]: Using primary tweak class name net.minecraftforge.fml.common.launcher.FMLTweaker
[09:18:20] [main/INFO] [LaunchWrapper]: Loading tweak class name net.minecraftforge.gradle.GradleStartCommon$GradleStartTweaker
[09:18:20] [main/INFO] [LaunchWrapper]: Calling tweak class net.minecraftforge.fml.common.launcher.FMLTweaker
[09:19:41] [main/INFO] [GradleStart]: Extra: []
[09:19:41] [main/INFO] [GradleStart]: Running with arguments: [--userProperties, {}, --accessToken, {REDACTED}, --assetIndex, 1.8, --assetsDir, C:/Users/Hassan/.gradle/caches/minecraft/assets, --version, 1.8, --tweakClass, net.minecraftforge.fml.common.launcher.FMLTweaker, --tweakClass, net.minecraftforge.gradle.GradleStartCommon$GradleStartTweaker]
[09:19:41] [main/INFO] [LaunchWrapper]: Loading tweak class name net.minecraftforge.fml.common.launcher.FMLTweaker
[09:19:41] [main/INFO] [LaunchWrapper]: Using primary tweak class name net.minecraftforge.fml.common.launcher.FMLTweaker
[09:19:41] [main/INFO] [LaunchWrapper]: Loading tweak class name net.minecraftforge.gradle.GradleStartCommon$GradleStartTweaker
[09:19:41] [main/INFO] [LaunchWrapper]: Calling tweak class net.minecraftforge.fml.common.launcher.FMLTweaker
[11:41:43] [main/INFO] [GradleStart]: Extra: []
[11:41:43] [main/INFO] [GradleStart]: Running with arguments: [--userProperties, {}, --accessToken, {REDACTED}, --assetIndex, 1.8, --assetsDir, C:/Users/Hassan/.gradle/caches/minecraft/assets, --version, 1.8, --tweakClass, net.minecraftforge.fml.common.launcher.FMLTweaker, --tweakClass, net.minecraftforge.gradle.GradleStartCommon$GradleStartTweaker]
[11:41:43] [main/INFO] [LaunchWrapper]: Loading tweak class name net.minecraftforge.fml.common.launcher.FMLTweaker
[11:41:43] [main/INFO] [LaunchWrapper]: Using primary tweak class name net.minecraftforge.fml.common.launcher.FMLTweaker
[11:41:43] [main/INFO] [LaunchWrapper]: Loading tweak class name net.minecraftforge.gradle.GradleStartCommon$GradleStartTweaker
[11:41:43] [main/INFO] [LaunchWrapper]: Calling tweak class net.minecraftforge.fml.common.launcher.FMLTweaker
[11:46:15] [main/INFO] [GradleStart]: Extra: []
[11:46:15] [main/INFO] [GradleStart]: Running with arguments: [--userProperties, {}, --accessToken, {REDACTED}, --assetIndex, 1.8, --assetsDir, C:/Users/Hassan/.gradle/caches/minecraft/assets, --version, 1.8, --tweakClass, net.minecraftforge.fml.common.launcher.FMLTweaker, --tweakClass, net.minecraftforge.gradle.GradleStartCommon$GradleStartTweaker]
[11:46:15] [main/INFO] [LaunchWrapper]: Loading tweak class name net.minecraftforge.fml.common.launcher.FMLTweaker
[11:46:15] [main/INFO] [LaunchWrapper]: Using primary tweak class name net.minecraftforge.fml.common.launcher.FMLTweaker
[11:46:15] [main/INFO] [LaunchWrapper]: Loading tweak class name net.minecraftforge.gradle.GradleStartCommon$GradleStartTweaker
[11:46:15] [main/INFO] [LaunchWrapper]: Calling tweak class net.minecraftforge.fml.common.launcher.FMLTweaker
[11:48:39] [main/INFO] [GradleStart]: Extra: []
[11:48:39] [main/INFO] [GradleStart]: Running with arguments: [--userProperties, {}, --accessToken, {REDACTED}, --assetIndex, 1.8, --assetsDir, C:/Users/Hassan/.gradle/caches/minecraft/assets, --version, 1.8, --tweakClass, net.minecraftforge.fml.common.launcher.FMLTweaker, --tweakClass, net.minecraftforge.gradle.GradleStartCommon$GradleStartTweaker]
[11:48:39] [main/INFO] [LaunchWrapper]: Loading tweak class name net.minecraftforge.fml.common.launcher.FMLTweaker
[11:48:39] [main/INFO] [LaunchWrapper]: Using primary tweak class name net.minecraftforge.fml.common.launcher.FMLTweaker
[11:48:39] [main/INFO] [LaunchWrapper]: Loading tweak class name net.minecraftforge.gradle.GradleStartCommon$GradleStartTweaker
[11:48:39] [main/INFO] [LaunchWrapper]: Calling tweak class net.minecraftforge.fml.common.launcher.FMLTweaker
[11:52:50] [main/INFO] [GradleStart]: Extra: []
[11:52:50] [main/INFO] [GradleStart]: Running with arguments: [--userProperties, {}, --accessToken, {REDACTED}, --assetIndex, 1.8, --assetsDir, C:/Users/Hassan/.gradle/caches/minecraft/assets, --version, 1.8, --tweakClass, net.minecraftforge.fml.common.launcher.FMLTweaker, --tweakClass, net.minecraftforge.gradle.GradleStartCommon$GradleStartTweaker]
[11:52:50] [main/INFO] [LaunchWrapper]: Loading tweak class name net.minecraftforge.fml.common.launcher.FMLTweaker
[11:52:50] [main/INFO] [LaunchWrapper]: Using primary tweak class name net.minecraftforge.fml.common.launcher.FMLTweaker
[11:52:50] [main/INFO] [LaunchWrapper]: Loading tweak class name net.minecraftforge.gradle.GradleStartCommon$GradleStartTweaker
[11:52:50] [main/INFO] [LaunchWrapper]: Calling tweak class net.minecraftforge.fml.common.launcher.FMLTweaker
[11:53:16] [main/INFO] [GradleStart]: Extra: []
[11:53:16] [main/INFO] [GradleStart]: Running with arguments: [--userProperties, {}, --accessToken, {REDACTED}, --assetIndex, 1.8, --assetsDir, C:/Users/Hassan/.gradle/caches/minecraft/assets, --version, 1.8, --tweakClass, net.minecraftforge.fml.common.launcher.FMLTweaker, --tweakClass, net.minecraftforge.gradle.GradleStartCommon$GradleStartTweaker]
[11:53:16] [main/INFO] [LaunchWrapper]: Loading tweak class name net.minecraftforge.fml.common.launcher.FMLTweaker
[11:53:16] [main/INFO] [LaunchWrapper]: Using primary tweak class name net.minecraftforge.fml.common.launcher.FMLTweaker
[11:53:16] [main/INFO] [LaunchWrapper]: Loading tweak class name net.minecraftforge.gradle.GradleStartCommon$GradleStartTweaker
[11:53:16] [main/INFO] [LaunchWrapper]: Calling tweak class net.minecraftforge.fml.common.launcher.FMLTweaker
[11:53:45] [main/INFO] [GradleStart]: Extra: []
[11:53:46] [main/INFO] [GradleStart]: Running with arguments: [--userProperties, {}, --accessToken, {REDACTED}, --assetIndex, 1.8, --assetsDir, C:/Users/Hassan/.gradle/caches/minecraft/assets, --version, 1.8, --tweakClass, net.minecraftforge.fml.common.launcher.FMLTweaker, --tweakClass, net.minecraftforge.gradle.GradleStartCommon$GradleStartTweaker]
[11:53:46] [main/INFO] [LaunchWrapper]: Loading tweak class name net.minecraftforge.fml.common.launcher.FMLTweaker
[11:53:46] [main/INFO] [LaunchWrapper]: Using primary tweak class name net.minecraftforge.fml.common.launcher.FMLTweaker
[11:53:46] [main/INFO] [LaunchWrapper]: Loading tweak class name net.minecraftforge.gradle.GradleStartCommon$GradleStartTweaker
[11:53:46] [main/INFO] [LaunchWrapper]: Calling tweak class net.minecraftforge.fml.common.launcher.FMLTweaker
[11:54:11] [main/INFO] [GradleStart]: Extra: []
[11:54:11] [main/INFO] [GradleStart]: Running with arguments: [--userProperties, {}, --accessToken, {REDACTED}, --assetIndex, 1.8, --assetsDir, C:/Users/Hassan/.gradle/caches/minecraft/assets, --version, 1.8, --tweakClass, net.minecraftforge.fml.common.launcher.FMLTweaker, --tweakClass, net.minecraftforge.gradle.GradleStartCommon$GradleStartTweaker]
[11:54:11] [main/INFO] [LaunchWrapper]: Loading tweak class name net.minecraftforge.fml.common.launcher.FMLTweaker
[11:54:11] [main/INFO] [LaunchWrapper]: Using primary tweak class name net.minecraftforge.fml.common.launcher.FMLTweaker
[11:54:11] [main/INFO] [LaunchWrapper]: Loading tweak class name net.minecraftforge.gradle.GradleStartCommon$GradleStartTweaker
[11:54:11] [main/INFO] [LaunchWrapper]: Calling tweak class net.minecraftforge.fml.common.launcher.FMLTweaker
[12:02:28] [main/INFO] [GradleStart]: Extra: []
[12:02:28] [main/INFO] [GradleStart]: Running with arguments: [--userProperties, {}, --accessToken, {REDACTED}, --assetIndex, 1.8, --assetsDir, C:/Users/Hassan/.gradle/caches/minecraft/assets, --version, 1.8, --tweakClass, net.minecraftforge.fml.common.launcher.FMLTweaker, --tweakClass, net.minecraftforge.gradle.GradleStartCommon$GradleStartTweaker]
[12:02:28] [main/INFO] [LaunchWrapper]: Loading tweak class name net.minecraftforge.fml.common.launcher.FMLTweaker
[12:02:28] [main/INFO] [LaunchWrapper]: Using primary tweak class name net.minecraftforge.fml.common.launcher.FMLTweaker
[12:02:28] [main/INFO] [LaunchWrapper]: Loading tweak class name net.minecraftforge.gradle.GradleStartCommon$GradleStartTweaker
[12:02:28] [main/INFO] [LaunchWrapper]: Calling tweak class net.minecraftforge.fml.common.launcher.FMLTweaker
[12:07:13] [main/INFO] [GradleStart]: Extra: []
[12:07:13] [main/INFO] [GradleStart]: Running with arguments: [--userProperties, {}, --accessToken, {REDACTED}, --assetIndex, 1.8, --assetsDir, C:/Users/Hassan/.gradle/caches/minecraft/assets, --version, 1.8, --tweakClass, net.minecraftforge.fml.common.launcher.FMLTweaker, --tweakClass, net.minecraftforge.gradle.GradleStartCommon$GradleStartTweaker]
[12:07:13] [main/INFO] [LaunchWrapper]: Loading tweak class name net.minecraftforge.fml.common.launcher.FMLTweaker
[12:07:13] [main/INFO] [LaunchWrapper]: Using primary tweak class name net.minecraftforge.fml.common.launcher.FMLTweaker
[12:07:13] [main/INFO] [LaunchWrapper]: Loading tweak class name net.minecraftforge.gradle.GradleStartCommon$GradleStartTweaker
[12:07:13] [main/INFO] [LaunchWrapper]: Calling tweak class net.minecraftforge.fml.common.launcher.FMLTweaker
[12:21:25] [main/INFO] [GradleStart]: Extra: []
[12:21:26] [main/INFO] [GradleStart]: Running with arguments: [--userProperties, {}, --accessToken, {REDACTED}, --assetIndex, 1.8, --assetsDir, C:/Users/Hassan/.gradle/caches/minecraft/assets, --version, 1.8, --tweakClass, net.minecraftforge.fml.common.launcher.FMLTweaker, --tweakClass, net.minecraftforge.gradle.GradleStartCommon$GradleStartTweaker]
[12:21:26] [main/INFO] [LaunchWrapper]: Loading tweak class name net.minecraftforge.fml.common.launcher.FMLTweaker
[12:21:26] [main/INFO] [LaunchWrapper]: Using primary tweak class name net.minecraftforge.fml.common.launcher.FMLTweaker
[12:21:26] [main/INFO] [LaunchWrapper]: Loading tweak class name net.minecraftforge.gradle.GradleStartCommon$GradleStartTweaker
[12:21:26] [main/INFO] [LaunchWrapper]: Calling tweak class net.minecraftforge.fml.common.launcher.FMLTweaker
[12:23:33] [main/INFO] [GradleStart]: Extra: []
[12:23:33] [main/INFO] [GradleStart]: Running with arguments: [--userProperties, {}, --accessToken, {REDACTED}, --assetIndex, 1.8, --assetsDir, C:/Users/Hassan/.gradle/caches/minecraft/assets, --version, 1.8, --tweakClass, net.minecraftforge.fml.common.launcher.FMLTweaker, --tweakClass, net.minecraftforge.gradle.GradleStartCommon$GradleStartTweaker]
[12:23:33] [main/INFO] [LaunchWrapper]: Loading tweak class name net.minecraftforge.fml.common.launcher.FMLTweaker
[12:23:33] [main/INFO] [LaunchWrapper]: Using primary tweak class name net.minecraftforge.fml.common.launcher.FMLTweaker
[12:23:33] [main/INFO] [LaunchWrapper]: Loading tweak class name net.minecraftforge.gradle.GradleStartCommon$GradleStartTweaker
[12:23:33] [main/INFO] [LaunchWrapper]: Calling tweak class net.minecraftforge.fml.common.launcher.FMLTweaker
[12:27:25] [main/INFO] [GradleStart]: Extra: []
[12:27:25] [main/INFO] [GradleStart]: Running with arguments: [--userProperties, {}, --accessToken, {REDACTED}, --assetIndex, 1.8, --assetsDir, C:/Users/Hassan/.gradle/caches/minecraft/assets, --version, 1.8, --tweakClass, net.minecraftforge.fml.common.launcher.FMLTweaker, --tweakClass, net.minecraftforge.gradle.GradleStartCommon$GradleStartTweaker]
[12:27:25] [main/INFO] [LaunchWrapper]: Loading tweak class name net.minecraftforge.fml.common.launcher.FMLTweaker
[12:27:25] [main/INFO] [LaunchWrapper]: Using primary tweak class name net.minecraftforge.fml.common.launcher.FMLTweaker
[12:27:25] [main/INFO] [LaunchWrapper]: Loading tweak class name net.minecraftforge.gradle.GradleStartCommon$GradleStartTweaker
[12:27:25] [main/INFO] [LaunchWrapper]: Calling tweak class net.minecraftforge.fml.common.launcher.FMLTweaker
[14:06:25] [main/INFO] [GradleStart]: Extra: []
[14:06:25] [main/INFO] [GradleStart]: Running with arguments: [--userProperties, {}, --accessToken, {REDACTED}, --assetIndex, 1.8, --assetsDir, C:/Users/Hassan/.gradle/caches/minecraft/assets, --version, 1.8, --tweakClass, net.minecraftforge.fml.common.launcher.FMLTweaker, --tweakClass, net.minecraftforge.gradle.GradleStartCommon$GradleStartTweaker]
[14:06:25] [main/INFO] [LaunchWrapper]: Loading tweak class name net.minecraftforge.fml.common.launcher.FMLTweaker
[14:06:25] [main/INFO] [LaunchWrapper]: Using primary tweak class name net.minecraftforge.fml.common.launcher.FMLTweaker
[14:06:25] [main/INFO] [LaunchWrapper]: Loading tweak class name net.minecraftforge.gradle.GradleStartCommon$GradleStartTweaker
[14:06:25] [main/INFO] [LaunchWrapper]: Calling tweak class net.minecraftforge.fml.common.launcher.FMLTweaker
[14:18:10] [main/INFO] [GradleStart]: Extra: []
[14:18:10] [main/INFO] [GradleStart]: Running with arguments: [--userProperties, {}, --accessToken, {REDACTED}, --assetIndex, 1.8, --assetsDir, C:/Users/Hassan/.gradle/caches/minecraft/assets, --version, 1.8, --tweakClass, net.minecraftforge.fml.common.launcher.FMLTweaker, --tweakClass, net.minecraftforge.gradle.GradleStartCommon$GradleStartTweaker]
[14:18:10] [main/INFO] [LaunchWrapper]: Loading tweak class name net.minecraftforge.fml.common.launcher.FMLTweaker
[14:18:11] [main/INFO] [LaunchWrapper]: Using primary tweak class name net.minecraftforge.fml.common.launcher.FMLTweaker
[14:18:11] [main/INFO] [LaunchWrapper]: Loading tweak class name net.minecraftforge.gradle.GradleStartCommon$GradleStartTweaker
[14:18:11] [main/INFO] [LaunchWrapper]: Calling tweak class net.minecraftforge.fml.common.launcher.FMLTweaker
[14:28:45] [main/INFO] [GradleStart]: Extra: []
[14:28:45] [main/INFO] [GradleStart]: Running with arguments: [--userProperties, {}, --accessToken, {REDACTED}, --assetIndex, 1.8, --assetsDir, C:/Users/Hassan/.gradle/caches/minecraft/assets, --version, 1.8, --tweakClass, net.minecraftforge.fml.common.launcher.FMLTweaker, --tweakClass, net.minecraftforge.gradle.GradleStartCommon$GradleStartTweaker]
[14:28:45] [main/INFO] [LaunchWrapper]: Loading tweak class name net.minecraftforge.fml.common.launcher.FMLTweaker
[14:28:45] [main/INFO] [LaunchWrapper]: Using primary tweak class name net.minecraftforge.fml.common.launcher.FMLTweaker
[14:28:45] [main/INFO] [LaunchWrapper]: Loading tweak class name net.minecraftforge.gradle.GradleStartCommon$GradleStartTweaker
[14:28:45] [main/INFO] [LaunchWrapper]: Calling tweak class net.minecraftforge.fml.common.launcher.FMLTweaker
[14:31:13] [main/INFO] [GradleStart]: Extra: []
[14:31:13] [main/INFO] [GradleStart]: Running with arguments: [--userProperties, {}, --accessToken, {REDACTED}, --assetIndex, 1.8, --assetsDir, C:/Users/Hassan/.gradle/caches/minecraft/assets, --version, 1.8, --tweakClass, net.minecraftforge.fml.common.launcher.FMLTweaker, --tweakClass, net.minecraftforge.gradle.GradleStartCommon$GradleStartTweaker]
[14:31:13] [main/INFO] [LaunchWrapper]: Loading tweak class name net.minecraftforge.fml.common.launcher.FMLTweaker
[14:31:13] [main/INFO] [LaunchWrapper]: Using primary tweak class name net.minecraftforge.fml.common.launcher.FMLTweaker
[14:31:13] [main/INFO] [LaunchWrapper]: Loading tweak class name net.minecraftforge.gradle.GradleStartCommon$GradleStartTweaker
[14:31:13] [main/INFO] [LaunchWrapper]: Calling tweak class net.minecraftforge.fml.common.launcher.FMLTweaker
[14:34:17] [main/INFO] [GradleStart]: Extra: []
[14:34:17] [main/INFO] [GradleStart]: Running with arguments: [--userProperties, {}, --accessToken, {REDACTED}, --assetIndex, 1.8, --assetsDir, C:/Users/Hassan/.gradle/caches/minecraft/assets, --version, 1.8, --tweakClass, net.minecraftforge.fml.common.launcher.FMLTweaker, --tweakClass, net.minecraftforge.gradle.GradleStartCommon$GradleStartTweaker]
[14:34:17] [main/INFO] [LaunchWrapper]: Loading tweak class name net.minecraftforge.fml.common.launcher.FMLTweaker
[14:34:17] [main/INFO] [LaunchWrapper]: Using primary tweak class name net.minecraftforge.fml.common.launcher.FMLTweaker
[14:34:17] [main/INFO] [LaunchWrapper]: Loading tweak class name net.minecraftforge.gradle.GradleStartCommon$GradleStartTweaker
[14:34:17] [main/INFO] [LaunchWrapper]: Calling tweak class net.minecraftforge.fml.common.launcher.FMLTweaker
[14:36:34] [main/INFO] [GradleStart]: Extra: []
[14:36:34] [main/INFO] [GradleStart]: Running with arguments: [--userProperties, {}, --accessToken, {REDACTED}, --assetIndex, 1.8, --assetsDir, C:/Users/Hassan/.gradle/caches/minecraft/assets, --version, 1.8, --tweakClass, net.minecraftforge.fml.common.launcher.FMLTweaker, --tweakClass, net.minecraftforge.gradle.GradleStartCommon$GradleStartTweaker]
[14:36:34] [main/INFO] [LaunchWrapper]: Loading tweak class name net.minecraftforge.fml.common.launcher.FMLTweaker
[14:36:34] [main/INFO] [LaunchWrapper]: Using primary tweak class name net.minecraftforge.fml.common.launcher.FMLTweaker
[14:36:34] [main/INFO] [LaunchWrapper]: Loading tweak class name net.minecraftforge.gradle.GradleStartCommon$GradleStartTweaker
[14:36:34] [main/INFO] [LaunchWrapper]: Calling tweak class net.minecraftforge.fml.common.launcher.FMLTweaker
[14:49:24] [main/INFO] [GradleStart]: Extra: []
[14:49:24] [main/INFO] [GradleStart]: Running with arguments: [--userProperties, {}, --accessToken, {REDACTED}, --assetIndex, 1.8, --assetsDir, C:/Users/Hassan/.gradle/caches/minecraft/assets, --version, 1.8, --tweakClass, net.minecraftforge.fml.common.launcher.FMLTweaker, --tweakClass, net.minecraftforge.gradle.GradleStartCommon$GradleStartTweaker]
[14:49:24] [main/INFO] [LaunchWrapper]: Loading tweak class name net.minecraftforge.fml.common.launcher.FMLTweaker
[14:49:24] [main/INFO] [LaunchWrapper]: Using primary tweak class name net.minecraftforge.fml.common.launcher.FMLTweaker
[14:49:24] [main/INFO] [LaunchWrapper]: Loading tweak class name net.minecraftforge.gradle.GradleStartCommon$GradleStartTweaker
[14:49:24] [main/INFO] [LaunchWrapper]: Calling tweak class net.minecraftforge.fml.common.launcher.FMLTweaker
[15:02:02] [main/INFO] [GradleStart]: Extra: []
[15:02:02] [main/INFO] [GradleStart]: Running with arguments: [--userProperties, {}, --accessToken, {REDACTED}, --assetIndex, 1.8, --assetsDir, C:/Users/Hassan/.gradle/caches/minecraft/assets, --version, 1.8, --tweakClass, net.minecraftforge.fml.common.launcher.FMLTweaker, --tweakClass, net.minecraftforge.gradle.GradleStartCommon$GradleStartTweaker]
[15:02:02] [main/INFO] [LaunchWrapper]: Loading tweak class name net.minecraftforge.fml.common.launcher.FMLTweaker
[15:02:02] [main/INFO] [LaunchWrapper]: Using primary tweak class name net.minecraftforge.fml.common.launcher.FMLTweaker
[15:02:02] [main/INFO] [LaunchWrapper]: Loading tweak class name net.minecraftforge.gradle.GradleStartCommon$GradleStartTweaker
[15:02:02] [main/INFO] [LaunchWrapper]: Calling tweak class net.minecraftforge.fml.common.launcher.FMLTweaker
[15:05:01] [main/INFO] [GradleStart]: Extra: []
[15:05:01] [main/INFO] [GradleStart]: Running with arguments: [--userProperties, {}, --accessToken, {REDACTED}, --assetIndex, 1.8, --assetsDir, C:/Users/Hassan/.gradle/caches/minecraft/assets, --version, 1.8, --tweakClass, net.minecraftforge.fml.common.launcher.FMLTweaker, --tweakClass, net.minecraftforge.gradle.GradleStartCommon$GradleStartTweaker]
[15:05:01] [main/INFO] [LaunchWrapper]: Loading tweak class name net.minecraftforge.fml.common.launcher.FMLTweaker
[15:05:01] [main/INFO] [LaunchWrapper]: Using primary tweak class name net.minecraftforge.fml.common.launcher.FMLTweaker
[15:05:01] [main/INFO] [LaunchWrapper]: Loading tweak class name net.minecraftforge.gradle.GradleStartCommon$GradleStartTweaker
[15:05:01] [main/INFO] [LaunchWrapper]: Calling tweak class net.minecraftforge.fml.common.launcher.FMLTweaker
[15:07:38] [main/INFO] [GradleStart]: Extra: []
[15:07:38] [main/INFO] [GradleStart]: Running with arguments: [--userProperties, {}, --accessToken, {REDACTED}, --assetIndex, 1.8, --assetsDir, C:/Users/Hassan/.gradle/caches/minecraft/assets, --version, 1.8, --tweakClass, net.minecraftforge.fml.common.launcher.FMLTweaker, --tweakClass, net.minecraftforge.gradle.GradleStartCommon$GradleStartTweaker]
[15:07:38] [main/INFO] [LaunchWrapper]: Loading tweak class name net.minecraftforge.fml.common.launcher.FMLTweaker
[15:07:38] [main/INFO] [LaunchWrapper]: Using primary tweak class name net.minecraftforge.fml.common.launcher.FMLTweaker
[15:07:38] [main/INFO] [LaunchWrapper]: Loading tweak class name net.minecraftforge.gradle.GradleStartCommon$GradleStartTweaker
[15:07:38] [main/INFO] [LaunchWrapper]: Calling tweak class net.minecraftforge.fml.common.launcher.FMLTweaker
[15:13:04] [main/INFO] [GradleStart]: Extra: []
[15:13:04] [main/INFO] [GradleStart]: Running with arguments: [--userProperties, {}, --accessToken, {REDACTED}, --assetIndex, 1.8, --assetsDir, C:/Users/Hassan/.gradle/caches/minecraft/assets, --version, 1.8, --tweakClass, net.minecraftforge.fml.common.launcher.FMLTweaker, --tweakClass, net.minecraftforge.gradle.GradleStartCommon$GradleStartTweaker]
[15:13:04] [main/INFO] [LaunchWrapper]: Loading tweak class name net.minecraftforge.fml.common.launcher.FMLTweaker
[15:13:04] [main/INFO] [LaunchWrapper]: Using primary tweak class name net.minecraftforge.fml.common.launcher.FMLTweaker
[15:13:04] [main/INFO] [LaunchWrapper]: Loading tweak class name net.minecraftforge.gradle.GradleStartCommon$GradleStartTweaker
[15:13:04] [main/INFO] [LaunchWrapper]: Calling tweak class net.minecraftforge.fml.common.launcher.FMLTweaker
[15:14:15] [main/INFO] [GradleStart]: Extra: []
[15:14:15] [main/INFO] [GradleStart]: Running with arguments: [--userProperties, {}, --accessToken, {REDACTED}, --assetIndex, 1.8, --assetsDir, C:/Users/Hassan/.gradle/caches/minecraft/assets, --version, 1.8, --tweakClass, net.minecraftforge.fml.common.launcher.FMLTweaker, --tweakClass, net.minecraftforge.gradle.GradleStartCommon$GradleStartTweaker]
[15:14:15] [main/INFO] [LaunchWrapper]: Loading tweak class name net.minecraftforge.fml.common.launcher.FMLTweaker
[15:14:15] [main/INFO] [LaunchWrapper]: Using primary tweak class name net.minecraftforge.fml.common.launcher.FMLTweaker
[15:14:15] [main/INFO] [LaunchWrapper]: Loading tweak class name net.minecraftforge.gradle.GradleStartCommon$GradleStartTweaker
[15:14:15] [main/INFO] [LaunchWrapper]: Calling tweak class net.minecraftforge.fml.common.launcher.FMLTweaker
[15:17:17] [main/INFO] [GradleStart]: Extra: []
[15:17:18] [main/INFO] [GradleStart]: Running with arguments: [--userProperties, {}, --accessToken, {REDACTED}, --assetIndex, 1.8, --assetsDir, C:/Users/Hassan/.gradle/caches/minecraft/assets, --version, 1.8, --tweakClass, net.minecraftforge.fml.common.launcher.FMLTweaker, --tweakClass, net.minecraftforge.gradle.GradleStartCommon$GradleStartTweaker]
[15:17:18] [main/INFO] [LaunchWrapper]: Loading tweak class name net.minecraftforge.fml.common.launcher.FMLTweaker
[15:17:18] [main/INFO] [LaunchWrapper]: Using primary tweak class name net.minecraftforge.fml.common.launcher.FMLTweaker
[15:17:18] [main/INFO] [LaunchWrapper]: Loading tweak class name net.minecraftforge.gradle.GradleStartCommon$GradleStartTweaker
[15:17:18] [main/INFO] [LaunchWrapper]: Calling tweak class net.minecraftforge.fml.common.launcher.FMLTweaker
[15:18:23] [main/INFO] [GradleStart]: Extra: []
[15:18:23] [main/INFO] [GradleStart]: Running with arguments: [--userProperties, {}, --accessToken, {REDACTED}, --assetIndex, 1.8, --assetsDir, C:/Users/Hassan/.gradle/caches/minecraft/assets, --version, 1.8, --tweakClass, net.minecraftforge.fml.common.launcher.FMLTweaker, --tweakClass, net.minecraftforge.gradle.GradleStartCommon$GradleStartTweaker]
[15:18:23] [main/INFO] [LaunchWrapper]: Loading tweak class name net.minecraftforge.fml.common.launcher.FMLTweaker
[15:18:23] [main/INFO] [LaunchWrapper]: Using primary tweak class name net.minecraftforge.fml.common.launcher.FMLTweaker
[15:18:23] [main/INFO] [LaunchWrapper]: Loading tweak class name net.minecraftforge.gradle.GradleStartCommon$GradleStartTweaker
[15:18:23] [main/INFO] [LaunchWrapper]: Calling tweak class net.minecraftforge.fml.common.launcher.FMLTweaker
[15:21:43] [main/INFO] [GradleStart]: Extra: []
[15:21:43] [main/INFO] [GradleStart]: Running with arguments: [--userProperties, {}, --accessToken, {REDACTED}, --assetIndex, 1.8, --assetsDir, C:/Users/Hassan/.gradle/caches/minecraft/assets, --version, 1.8, --tweakClass, net.minecraftforge.fml.common.launcher.FMLTweaker, --tweakClass, net.minecraftforge.gradle.GradleStartCommon$GradleStartTweaker]
[15:21:43] [main/INFO] [LaunchWrapper]: Loading tweak class name net.minecraftforge.fml.common.launcher.FMLTweaker
[15:21:43] [main/INFO] [LaunchWrapper]: Using primary tweak class name net.minecraftforge.fml.common.launcher.FMLTweaker
[15:21:43] [main/INFO] [LaunchWrapper]: Loading tweak class name net.minecraftforge.gradle.GradleStartCommon$GradleStartTweaker
[15:21:43] [main/INFO] [LaunchWrapper]: Calling tweak class net.minecraftforge.fml.common.launcher.FMLTweaker
[15:25:33] [main/INFO] [GradleStart]: Extra: []
[15:25:33] [main/INFO] [GradleStart]: Running with arguments: [--userProperties, {}, --accessToken, {REDACTED}, --assetIndex, 1.8, --assetsDir, C:/Users/Hassan/.gradle/caches/minecraft/assets, --version, 1.8, --tweakClass, net.minecraftforge.fml.common.launcher.FMLTweaker, --tweakClass, net.minecraftforge.gradle.GradleStartCommon$GradleStartTweaker]
[15:25:33] [main/INFO] [LaunchWrapper]: Loading tweak class name net.minecraftforge.fml.common.launcher.FMLTweaker
[15:25:33] [main/INFO] [LaunchWrapper]: Using primary tweak class name net.minecraftforge.fml.common.launcher.FMLTweaker
[15:25:33] [main/INFO] [LaunchWrapper]: Loading tweak class name net.minecraftforge.gradle.GradleStartCommon$GradleStartTweaker
[15:25:33] [main/INFO] [LaunchWrapper]: Calling tweak class net.minecraftforge.fml.common.launcher.FMLTweaker
[15:41:11] [main/INFO] [GradleStart]: Extra: []
[15:41:11] [main/INFO] [GradleStart]: Running with arguments: [--userProperties, {}, --accessToken, {REDACTED}, --assetIndex, 1.8, --assetsDir, C:/Users/Hassan/.gradle/caches/minecraft/assets, --version, 1.8, --tweakClass, net.minecraftforge.fml.common.launcher.FMLTweaker, --tweakClass, net.minecraftforge.gradle.GradleStartCommon$GradleStartTweaker]
[15:41:11] [main/INFO] [LaunchWrapper]: Loading tweak class name net.minecraftforge.fml.common.launcher.FMLTweaker
[15:41:11] [main/INFO] [LaunchWrapper]: Using primary tweak class name net.minecraftforge.fml.common.launcher.FMLTweaker
[15:41:11] [main/INFO] [LaunchWrapper]: Loading tweak class name net.minecraftforge.gradle.GradleStartCommon$GradleStartTweaker
[15:41:11] [main/INFO] [LaunchWrapper]: Calling tweak class net.minecraftforge.fml.common.launcher.FMLTweaker
[15:45:37] [main/INFO] [GradleStart]: Extra: []
[15:45:37] [main/INFO] [GradleStart]: Running with arguments: [--userProperties, {}, --accessToken, {REDACTED}, --assetIndex, 1.8, --assetsDir, C:/Users/Hassan/.gradle/caches/minecraft/assets, --version, 1.8, --tweakClass, net.minecraftforge.fml.common.launcher.FMLTweaker, --tweakClass, net.minecraftforge.gradle.GradleStartCommon$GradleStartTweaker]
[15:45:37] [main/INFO] [LaunchWrapper]: Loading tweak class name net.minecraftforge.fml.common.launcher.FMLTweaker
[15:45:37] [main/INFO] [LaunchWrapper]: Using primary tweak class name net.minecraftforge.fml.common.launcher.FMLTweaker
[15:45:37] [main/INFO] [LaunchWrapper]: Loading tweak class name net.minecraftforge.gradle.GradleStartCommon$GradleStartTweaker
[15:45:37] [main/INFO] [LaunchWrapper]: Calling tweak class net.minecraftforge.fml.common.launcher.FMLTweaker
[15:46:47] [main/INFO] [GradleStart]: Extra: []
[15:46:47] [main/INFO] [GradleStart]: Running with arguments: [--userProperties, {}, --accessToken, {REDACTED}, --assetIndex, 1.8, --assetsDir, C:/Users/Hassan/.gradle/caches/minecraft/assets, --version, 1.8, --tweakClass, net.minecraftforge.fml.common.launcher.FMLTweaker, --tweakClass, net.minecraftforge.gradle.GradleStartCommon$GradleStartTweaker]
[15:46:47] [main/INFO] [LaunchWrapper]: Loading tweak class name net.minecraftforge.fml.common.launcher.FMLTweaker
[15:46:47] [main/INFO] [LaunchWrapper]: Using primary tweak class name net.minecraftforge.fml.common.launcher.FMLTweaker
[15:46:47] [main/INFO] [LaunchWrapper]: Loading tweak class name net.minecraftforge.gradle.GradleStartCommon$GradleStartTweaker
[15:46:47] [main/INFO] [LaunchWrapper]: Calling tweak class net.minecraftforge.fml.common.launcher.FMLTweaker
[16:01:40] [main/INFO] [GradleStart]: Extra: []
[16:01:40] [main/INFO] [GradleStart]: Running with arguments: [--userProperties, {}, --accessToken, {REDACTED}, --assetIndex, 1.8, --assetsDir, C:/Users/Hassan/.gradle/caches/minecraft/assets, --version, 1.8, --tweakClass, net.minecraftforge.fml.common.launcher.FMLTweaker, --tweakClass, net.minecraftforge.gradle.GradleStartCommon$GradleStartTweaker]
[16:01:40] [main/INFO] [LaunchWrapper]: Loading tweak class name net.minecraftforge.fml.common.launcher.FMLTweaker
[16:01:40] [main/INFO] [LaunchWrapper]: Using primary tweak class name net.minecraftforge.fml.common.launcher.FMLTweaker
[16:01:40] [main/INFO] [LaunchWrapper]: Loading tweak class name net.minecraftforge.gradle.GradleStartCommon$GradleStartTweaker
[16:01:40] [main/INFO] [LaunchWrapper]: Calling tweak class net.minecraftforge.fml.common.launcher.FMLTweaker
[16:07:16] [main/INFO] [GradleStart]: Extra: []
[16:07:16] [main/INFO] [GradleStart]: Running with arguments: [--userProperties, {}, --accessToken, {REDACTED}, --assetIndex, 1.8, --assetsDir, C:/Users/Hassan/.gradle/caches/minecraft/assets, --version, 1.8, --tweakClass, net.minecraftforge.fml.common.launcher.FMLTweaker, --tweakClass, net.minecraftforge.gradle.GradleStartCommon$GradleStartTweaker]
[16:07:16] [main/INFO] [LaunchWrapper]: Loading tweak class name net.minecraftforge.fml.common.launcher.FMLTweaker
[16:07:16] [main/INFO] [LaunchWrapper]: Using primary tweak class name net.minecraftforge.fml.common.launcher.FMLTweaker
[16:07:16] [main/INFO] [LaunchWrapper]: Loading tweak class name net.minecraftforge.gradle.GradleStartCommon$GradleStartTweaker
[16:07:16] [main/INFO] [LaunchWrapper]: Calling tweak class net.minecraftforge.fml.common.launcher.FMLTweaker
[16:08:55] [main/INFO] [GradleStart]: Extra: []
[16:08:55] [main/INFO] [GradleStart]: Running with arguments: [--userProperties, {}, --accessToken, {REDACTED}, --assetIndex, 1.8, --assetsDir, C:/Users/Hassan/.gradle/caches/minecraft/assets, --version, 1.8, --tweakClass, net.minecraftforge.fml.common.launcher.FMLTweaker, --tweakClass, net.minecraftforge.gradle.GradleStartCommon$GradleStartTweaker]
[16:08:55] [main/INFO] [LaunchWrapper]: Loading tweak class name net.minecraftforge.fml.common.launcher.FMLTweaker
[16:08:55] [main/INFO] [LaunchWrapper]: Using primary tweak class name net.minecraftforge.fml.common.launcher.FMLTweaker
[16:08:55] [main/INFO] [LaunchWrapper]: Loading tweak class name net.minecraftforge.gradle.GradleStartCommon$GradleStartTweaker
[16:08:55] [main/INFO] [LaunchWrapper]: Calling tweak class net.minecraftforge.fml.common.launcher.FMLTweaker
[16:11:40] [main/INFO] [GradleStart]: Extra: []
[16:11:40] [main/INFO] [GradleStart]: Running with arguments: [--userProperties, {}, --accessToken, {REDACTED}, --assetIndex, 1.8, --assetsDir, C:/Users/Hassan/.gradle/caches/minecraft/assets, --version, 1.8, --tweakClass, net.minecraftforge.fml.common.launcher.FMLTweaker, --tweakClass, net.minecraftforge.gradle.GradleStartCommon$GradleStartTweaker]
[16:11:40] [main/INFO] [LaunchWrapper]: Loading tweak class name net.minecraftforge.fml.common.launcher.FMLTweaker
[16:11:40] [main/INFO] [LaunchWrapper]: Using primary tweak class name net.minecraftforge.fml.common.launcher.FMLTweaker
[16:11:40] [main/INFO] [LaunchWrapper]: Loading tweak class name net.minecraftforge.gradle.GradleStartCommon$GradleStartTweaker
[16:11:40] [main/INFO] [LaunchWrapper]: Calling tweak class net.minecraftforge.fml.common.launcher.FMLTweaker
[16:17:21] [main/INFO] [GradleStart]: Extra: []
[16:17:21] [main/INFO] [GradleStart]: Running with arguments: [--userProperties, {}, --accessToken, {REDACTED}, --assetIndex, 1.8, --assetsDir, C:/Users/Hassan/.gradle/caches/minecraft/assets, --version, 1.8, --tweakClass, net.minecraftforge.fml.common.launcher.FMLTweaker, --tweakClass, net.minecraftforge.gradle.GradleStartCommon$GradleStartTweaker]
[16:17:21] [main/INFO] [LaunchWrapper]: Loading tweak class name net.minecraftforge.fml.common.launcher.FMLTweaker
[16:17:21] [main/INFO] [LaunchWrapper]: Using primary tweak class name net.minecraftforge.fml.common.launcher.FMLTweaker
[16:17:21] [main/INFO] [LaunchWrapper]: Loading tweak class name net.minecraftforge.gradle.GradleStartCommon$GradleStartTweaker
[16:17:21] [main/INFO] [LaunchWrapper]: Calling tweak class net.minecraftforge.fml.common.launcher.FMLTweaker
[16:32:42] [main/INFO] [GradleStart]: Extra: []
[16:32:42] [main/INFO] [GradleStart]: Running with arguments: [--userProperties, {}, --accessToken, {REDACTED}, --assetIndex, 1.8, --assetsDir, C:/Users/Hassan/.gradle/caches/minecraft/assets, --version, 1.8, --tweakClass, net.minecraftforge.fml.common.launcher.FMLTweaker, --tweakClass, net.minecraftforge.gradle.GradleStartCommon$GradleStartTweaker]
[16:32:42] [main/INFO] [LaunchWrapper]: Loading tweak class name net.minecraftforge.fml.common.launcher.FMLTweaker
[16:32:42] [main/INFO] [LaunchWrapper]: Using primary tweak class name net.minecraftforge.fml.common.launcher.FMLTweaker
[16:32:42] [main/INFO] [LaunchWrapper]: Loading tweak class name net.minecraftforge.gradle.GradleStartCommon$GradleStartTweaker
[16:32:42] [main/INFO] [LaunchWrapper]: Calling tweak class net.minecraftforge.fml.common.launcher.FMLTweaker
[16:36:58] [main/INFO] [GradleStart]: Extra: []
[16:36:58] [main/INFO] [GradleStart]: Running with arguments: [--userProperties, {}, --accessToken, {REDACTED}, --assetIndex, 1.8, --assetsDir, C:/Users/Hassan/.gradle/caches/minecraft/assets, --version, 1.8, --tweakClass, net.minecraftforge.fml.common.launcher.FMLTweaker, --tweakClass, net.minecraftforge.gradle.GradleStartCommon$GradleStartTweaker]
[16:36:58] [main/INFO] [LaunchWrapper]: Loading tweak class name net.minecraftforge.fml.common.launcher.FMLTweaker
[16:36:58] [main/INFO] [LaunchWrapper]: Using primary tweak class name net.minecraftforge.fml.common.launcher.FMLTweaker
[16:36:58] [main/INFO] [LaunchWrapper]: Loading tweak class name net.minecraftforge.gradle.GradleStartCommon$GradleStartTweaker
[16:36:58] [main/INFO] [LaunchWrapper]: Calling tweak class net.minecraftforge.fml.common.launcher.FMLTweaker
[16:41:19] [main/INFO] [GradleStart]: Extra: []
[16:41:19] [main/INFO] [GradleStart]: Running with arguments: [--userProperties, {}, --accessToken, {REDACTED}, --assetIndex, 1.8, --assetsDir, C:/Users/Hassan/.gradle/caches/minecraft/assets, --version, 1.8, --tweakClass, net.minecraftforge.fml.common.launcher.FMLTweaker, --tweakClass, net.minecraftforge.gradle.GradleStartCommon$GradleStartTweaker]
[16:41:19] [main/INFO] [LaunchWrapper]: Loading tweak class name net.minecraftforge.fml.common.launcher.FMLTweaker
[16:41:19] [main/INFO] [LaunchWrapper]: Using primary tweak class name net.minecraftforge.fml.common.launcher.FMLTweaker
[16:41:19] [main/INFO] [LaunchWrapper]: Loading tweak class name net.minecraftforge.gradle.GradleStartCommon$GradleStartTweaker
[16:41:19] [main/INFO] [LaunchWrapper]: Calling tweak class net.minecraftforge.fml.common.launcher.FMLTweaker
[16:41:58] [main/INFO] [GradleStart]: Extra: []
[16:41:59] [main/INFO] [GradleStart]: Running with arguments: [--userProperties, {}, --accessToken, {REDACTED}, --assetIndex, 1.8, --assetsDir, C:/Users/Hassan/.gradle/caches/minecraft/assets, --version, 1.8, --tweakClass, net.minecraftforge.fml.common.launcher.FMLTweaker, --tweakClass, net.minecraftforge.gradle.GradleStartCommon$GradleStartTweaker]
[16:41:59] [main/INFO] [LaunchWrapper]: Loading tweak class name net.minecraftforge.fml.common.launcher.FMLTweaker
[16:41:59] [main/INFO] [LaunchWrapper]: Using primary tweak class name net.minecraftforge.fml.common.launcher.FMLTweaker
[16:41:59] [main/INFO] [LaunchWrapper]: Loading tweak class name net.minecraftforge.gradle.GradleStartCommon$GradleStartTweaker
[16:41:59] [main/INFO] [LaunchWrapper]: Calling tweak class net.minecraftforge.fml.common.launcher.FMLTweaker
[17:06:34] [main/INFO] [GradleStart]: Extra: []
[17:06:34] [main/INFO] [GradleStart]: Running with arguments: [--userProperties, {}, --accessToken, {REDACTED}, --assetIndex, 1.8, --assetsDir, C:/Users/Hassan/.gradle/caches/minecraft/assets, --version, 1.8, --tweakClass, net.minecraftforge.fml.common.launcher.FMLTweaker, --tweakClass, net.minecraftforge.gradle.GradleStartCommon$GradleStartTweaker]
[17:06:34] [main/INFO] [LaunchWrapper]: Loading tweak class name net.minecraftforge.fml.common.launcher.FMLTweaker
[17:06:34] [main/INFO] [LaunchWrapper]: Using primary tweak class name net.minecraftforge.fml.common.launcher.FMLTweaker
[17:06:34] [main/INFO] [LaunchWrapper]: Loading tweak class name net.minecraftforge.gradle.GradleStartCommon$GradleStartTweaker
[17:06:34] [main/INFO] [LaunchWrapper]: Calling tweak class net.minecraftforge.fml.common.launcher.FMLTweaker
[17:09:05] [main/INFO] [GradleStart]: Extra: []
[17:09:05] [main/INFO] [GradleStart]: Running with arguments: [--userProperties, {}, --accessToken, {REDACTED}, --assetIndex, 1.8, --assetsDir, C:/Users/Hassan/.gradle/caches/minecraft/assets, --version, 1.8, --tweakClass, net.minecraftforge.fml.common.launcher.FMLTweaker, --tweakClass, net.minecraftforge.gradle.GradleStartCommon$GradleStartTweaker]
[17:09:05] [main/INFO] [LaunchWrapper]: Loading tweak class name net.minecraftforge.fml.common.launcher.FMLTweaker
[17:09:05] [main/INFO] [LaunchWrapper]: Using primary tweak class name net.minecraftforge.fml.common.launcher.FMLTweaker
[17:09:05] [main/INFO] [LaunchWrapper]: Loading tweak class name net.minecraftforge.gradle.GradleStartCommon$GradleStartTweaker
[17:09:05] [main/INFO] [LaunchWrapper]: Calling tweak class net.minecraftforge.fml.common.launcher.FMLTweaker
[17:10:19] [main/INFO] [GradleStart]: Extra: []
[17:10:19] [main/INFO] [GradleStart]: Running with arguments: [--userProperties, {}, --accessToken, {REDACTED}, --assetIndex, 1.8, --assetsDir, C:/Users/Hassan/.gradle/caches/minecraft/assets, --version, 1.8, --tweakClass, net.minecraftforge.fml.common.launcher.FMLTweaker, --tweakClass, net.minecraftforge.gradle.GradleStartCommon$GradleStartTweaker]
[17:10:19] [main/INFO] [LaunchWrapper]: Loading tweak class name net.minecraftforge.fml.common.launcher.FMLTweaker
[17:10:19] [main/INFO] [LaunchWrapper]: Using primary tweak class name net.minecraftforge.fml.common.launcher.FMLTweaker
[17:10:19] [main/INFO] [LaunchWrapper]: Loading tweak class name net.minecraftforge.gradle.GradleStartCommon$GradleStartTweaker
[17:10:19] [main/INFO] [LaunchWrapper]: Calling tweak class net.minecraftforge.fml.common.launcher.FMLTweaker
[17:14:02] [main/INFO] [GradleStart]: Extra: []
[17:14:02] [main/INFO] [GradleStart]: Running with arguments: [--userProperties, {}, --accessToken, {REDACTED}, --assetIndex, 1.8, --assetsDir, C:/Users/Hassan/.gradle/caches/minecraft/assets, --version, 1.8, --tweakClass, net.minecraftforge.fml.common.launcher.FMLTweaker, --tweakClass, net.minecraftforge.gradle.GradleStartCommon$GradleStartTweaker]
[17:14:02] [main/INFO] [LaunchWrapper]: Loading tweak class name net.minecraftforge.fml.common.launcher.FMLTweaker
[17:14:02] [main/INFO] [LaunchWrapper]: Using primary tweak class name net.minecraftforge.fml.common.launcher.FMLTweaker
[17:14:02] [main/INFO] [LaunchWrapper]: Loading tweak class name net.minecraftforge.gradle.GradleStartCommon$GradleStartTweaker
[17:14:02] [main/INFO] [LaunchWrapper]: Calling tweak class net.minecraftforge.fml.common.launcher.FMLTweaker
[17:17:57] [main/INFO] [GradleStart]: Extra: []
[17:17:57] [main/INFO] [GradleStart]: Running with arguments: [--userProperties, {}, --accessToken, {REDACTED}, --assetIndex, 1.8, --assetsDir, C:/Users/Hassan/.gradle/caches/minecraft/assets, --version, 1.8, --tweakClass, net.minecraftforge.fml.common.launcher.FMLTweaker, --tweakClass, net.minecraftforge.gradle.GradleStartCommon$GradleStartTweaker]
[17:17:57] [main/INFO] [LaunchWrapper]: Loading tweak class name net.minecraftforge.fml.common.launcher.FMLTweaker
[17:17:57] [main/INFO] [LaunchWrapper]: Using primary tweak class name net.minecraftforge.fml.common.launcher.FMLTweaker
[17:17:57] [main/INFO] [LaunchWrapper]: Loading tweak class name net.minecraftforge.gradle.GradleStartCommon$GradleStartTweaker
[17:17:57] [main/INFO] [LaunchWrapper]: Calling tweak class net.minecraftforge.fml.common.launcher.FMLTweaker
[17:22:38] [main/INFO] [GradleStart]: Extra: []
[17:22:38] [main/INFO] [GradleStart]: Running with arguments: [--userProperties, {}, --accessToken, {REDACTED}, --assetIndex, 1.8, --assetsDir, C:/Users/Hassan/.gradle/caches/minecraft/assets, --version, 1.8, --tweakClass, net.minecraftforge.fml.common.launcher.FMLTweaker, --tweakClass, net.minecraftforge.gradle.GradleStartCommon$GradleStartTweaker]
[17:22:39] [main/INFO] [LaunchWrapper]: Loading tweak class name net.minecraftforge.fml.common.launcher.FMLTweaker
[17:22:39] [main/INFO] [LaunchWrapper]: Using primary tweak class name net.minecraftforge.fml.common.launcher.FMLTweaker
[17:22:39] [main/INFO] [LaunchWrapper]: Loading tweak class name net.minecraftforge.gradle.GradleStartCommon$GradleStartTweaker
[17:22:39] [main/INFO] [LaunchWrapper]: Calling tweak class net.minecraftforge.fml.common.launcher.FMLTweaker
[17:47:13] [main/INFO] [GradleStart]: Extra: []
[17:47:13] [main/INFO] [GradleStart]: Running with arguments: [--userProperties, {}, --accessToken, {REDACTED}, --assetIndex, 1.8, --assetsDir, C:/Users/Hassan/.gradle/caches/minecraft/assets, --version, 1.8, --tweakClass, net.minecraftforge.fml.common.launcher.FMLTweaker, --tweakClass, net.minecraftforge.gradle.GradleStartCommon$GradleStartTweaker]
[17:47:13] [main/INFO] [LaunchWrapper]: Loading tweak class name net.minecraftforge.fml.common.launcher.FMLTweaker
[17:47:13] [main/INFO] [LaunchWrapper]: Using primary tweak class name net.minecraftforge.fml.common.launcher.FMLTweaker
[17:47:13] [main/INFO] [LaunchWrapper]: Loading tweak class name net.minecraftforge.gradle.GradleStartCommon$GradleStartTweaker
[17:47:13] [main/INFO] [LaunchWrapper]: Calling tweak class net.minecraftforge.fml.common.launcher.FMLTweaker
[17:49:43] [main/INFO] [GradleStart]: Extra: []
[17:49:43] [main/INFO] [GradleStart]: Running with arguments: [--userProperties, {}, --accessToken, {REDACTED}, --assetIndex, 1.8, --assetsDir, C:/Users/Hassan/.gradle/caches/minecraft/assets, --version, 1.8, --tweakClass, net.minecraftforge.fml.common.launcher.FMLTweaker, --tweakClass, net.minecraftforge.gradle.GradleStartCommon$GradleStartTweaker]
[17:49:43] [main/INFO] [LaunchWrapper]: Loading tweak class name net.minecraftforge.fml.common.launcher.FMLTweaker
[17:49:43] [main/INFO] [LaunchWrapper]: Using primary tweak class name net.minecraftforge.fml.common.launcher.FMLTweaker
[17:49:43] [main/INFO] [LaunchWrapper]: Loading tweak class name net.minecraftforge.gradle.GradleStartCommon$GradleStartTweaker
[17:49:43] [main/INFO] [LaunchWrapper]: Calling tweak class net.minecraftforge.fml.common.launcher.FMLTweaker
