[15:12:08] [Client thread/INFO]: Setting user: Player156
[15:12:11] [Client thread/INFO]: LWJGL Version: 2.9.1
[15:12:16] [Client thread/INFO]: Reloading ResourceManager: Default, FMLFileResourcePack:Forge Mod Loader, FMLFileResourcePack:Minecraft Forge, FMLFileResourcePack:HaloCraft
[15:12:16] [Sound Library Loader/INFO]: Starting up SoundSystem...
[15:12:17] [Thread-7/INFO]: Initializing LWJGL OpenAL
[15:12:17] [Thread-7/INFO]: (The LWJGL binding of OpenAL.  For more information, see http://www.lwjgl.org)
[15:12:17] [Thread-7/INFO]: OpenAL initialized.
[15:12:17] [Sound Library Loader/INFO]: Sound engine started
[15:12:19] [Client thread/WARN]: Unable to load definition halocraft:forerunnerBlock#normal
java.lang.RuntimeException: Encountered an exception when loading model definition of model halocraft:blockstates/forerunnerBlock.json
	at net.minecraft.client.resources.model.ModelBakery.getModelBlockDefinition(ModelBakery.java:177) ~[ModelBakery.class:?]
	at net.minecraft.client.resources.model.ModelBakery.loadVariants(ModelBakery.java:118) [ModelBakery.class:?]
	at net.minecraftforge.client.model.ModelLoader.loadBlocks(ModelLoader.java:96) [ModelLoader.class:?]
	at net.minecraftforge.client.model.ModelLoader.setupModelRegistry(ModelLoader.java:69) [ModelLoader.class:?]
	at net.minecraft.client.resources.model.ModelManager.onResourceManagerReload(ModelManager.java:29) [ModelManager.class:?]
	at net.minecraft.client.resources.SimpleReloadableResourceManager.registerReloadListener(SimpleReloadableResourceManager.java:124) [SimpleReloadableResourceManager.class:?]
	at net.minecraft.client.Minecraft.startGame(Minecraft.java:470) [Minecraft.class:?]
	at net.minecraft.client.Minecraft.run(Minecraft.java:325) [Minecraft.class:?]
	at net.minecraft.client.main.Main.main(Main.java:117) [Main.class:?]
	at sun.reflect.NativeMethodAccessorImpl.invoke0(Native Method) ~[?:1.7.0_51]
	at sun.reflect.NativeMethodAccessorImpl.invoke(Unknown Source) ~[?:1.7.0_51]
	at sun.reflect.DelegatingMethodAccessorImpl.invoke(Unknown Source) ~[?:1.7.0_51]
	at java.lang.reflect.Method.invoke(Unknown Source) ~[?:1.7.0_51]
	at net.minecraft.launchwrapper.Launch.launch(Launch.java:135) [launchwrapper-1.11.jar:?]
	at net.minecraft.launchwrapper.Launch.main(Launch.java:28) [launchwrapper-1.11.jar:?]
	at net.minecraftforge.gradle.GradleStartCommon.launch(GradleStartCommon.java:78) [start/:?]
	at GradleStart.main(GradleStart.java:45) [start/:?]
Caused by: java.io.FileNotFoundException: halocraft:blockstates/forerunnerBlock.json
	at net.minecraft.client.resources.FallbackResourceManager.getAllResources(FallbackResourceManager.java:99) ~[FallbackResourceManager.class:?]
	at net.minecraft.client.resources.SimpleReloadableResourceManager.getAllResources(SimpleReloadableResourceManager.java:81) ~[SimpleReloadableResourceManager.class:?]
	at net.minecraft.client.resources.model.ModelBakery.getModelBlockDefinition(ModelBakery.java:152) ~[ModelBakery.class:?]
	... 16 more
[15:12:20] [Client thread/ERROR]: Using missing texture, unable to load halocraft:textures/items/covenantPiece.png
java.io.FileNotFoundException: halocraft:textures/items/covenantPiece.png
	at net.minecraft.client.resources.FallbackResourceManager.getResource(FallbackResourceManager.java:70) ~[FallbackResourceManager.class:?]
	at net.minecraft.client.resources.SimpleReloadableResourceManager.getResource(SimpleReloadableResourceManager.java:67) ~[SimpleReloadableResourceManager.class:?]
	at net.minecraft.client.renderer.texture.TextureMap.loadTextureAtlas(TextureMap.java:116) [TextureMap.class:?]
	at net.minecraft.client.renderer.texture.TextureMap.loadSprites(TextureMap.java:83) [TextureMap.class:?]
	at net.minecraftforge.client.model.ModelLoader.setupModelRegistry(ModelLoader.java:74) [ModelLoader.class:?]
	at net.minecraft.client.resources.model.ModelManager.onResourceManagerReload(ModelManager.java:29) [ModelManager.class:?]
	at net.minecraft.client.resources.SimpleReloadableResourceManager.registerReloadListener(SimpleReloadableResourceManager.java:124) [SimpleReloadableResourceManager.class:?]
	at net.minecraft.client.Minecraft.startGame(Minecraft.java:470) [Minecraft.class:?]
	at net.minecraft.client.Minecraft.run(Minecraft.java:325) [Minecraft.class:?]
	at net.minecraft.client.main.Main.main(Main.java:117) [Main.class:?]
	at sun.reflect.NativeMethodAccessorImpl.invoke0(Native Method) ~[?:1.7.0_51]
	at sun.reflect.NativeMethodAccessorImpl.invoke(Unknown Source) ~[?:1.7.0_51]
	at sun.reflect.DelegatingMethodAccessorImpl.invoke(Unknown Source) ~[?:1.7.0_51]
	at java.lang.reflect.Method.invoke(Unknown Source) ~[?:1.7.0_51]
	at net.minecraft.launchwrapper.Launch.launch(Launch.java:135) [launchwrapper-1.11.jar:?]
	at net.minecraft.launchwrapper.Launch.main(Launch.java:28) [launchwrapper-1.11.jar:?]
	at net.minecraftforge.gradle.GradleStartCommon.launch(GradleStartCommon.java:78) [start/:?]
	at GradleStart.main(GradleStart.java:45) [start/:?]
[15:12:20] [Client thread/ERROR]: Using missing texture, unable to load halocraft:textures/armor/CovenantLeggings.png
java.io.FileNotFoundException: halocraft:textures/armor/CovenantLeggings.png
	at net.minecraft.client.resources.FallbackResourceManager.getResource(FallbackResourceManager.java:70) ~[FallbackResourceManager.class:?]
	at net.minecraft.client.resources.SimpleReloadableResourceManager.getResource(SimpleReloadableResourceManager.java:67) ~[SimpleReloadableResourceManager.class:?]
	at net.minecraft.client.renderer.texture.TextureMap.loadTextureAtlas(TextureMap.java:116) [TextureMap.class:?]
	at net.minecraft.client.renderer.texture.TextureMap.loadSprites(TextureMap.java:83) [TextureMap.class:?]
	at net.minecraftforge.client.model.ModelLoader.setupModelRegistry(ModelLoader.java:74) [ModelLoader.class:?]
	at net.minecraft.client.resources.model.ModelManager.onResourceManagerReload(ModelManager.java:29) [ModelManager.class:?]
	at net.minecraft.client.resources.SimpleReloadableResourceManager.registerReloadListener(SimpleReloadableResourceManager.java:124) [SimpleReloadableResourceManager.class:?]
	at net.minecraft.client.Minecraft.startGame(Minecraft.java:470) [Minecraft.class:?]
	at net.minecraft.client.Minecraft.run(Minecraft.java:325) [Minecraft.class:?]
	at net.minecraft.client.main.Main.main(Main.java:117) [Main.class:?]
	at sun.reflect.NativeMethodAccessorImpl.invoke0(Native Method) ~[?:1.7.0_51]
	at sun.reflect.NativeMethodAccessorImpl.invoke(Unknown Source) ~[?:1.7.0_51]
	at sun.reflect.DelegatingMethodAccessorImpl.invoke(Unknown Source) ~[?:1.7.0_51]
	at java.lang.reflect.Method.invoke(Unknown Source) ~[?:1.7.0_51]
	at net.minecraft.launchwrapper.Launch.launch(Launch.java:135) [launchwrapper-1.11.jar:?]
	at net.minecraft.launchwrapper.Launch.main(Launch.java:28) [launchwrapper-1.11.jar:?]
	at net.minecraftforge.gradle.GradleStartCommon.launch(GradleStartCommon.java:78) [start/:?]
	at GradleStart.main(GradleStart.java:45) [start/:?]
[15:12:20] [Client thread/ERROR]: Using missing texture, unable to load halocraft:textures/armor/CovenantChestplate.png
java.io.FileNotFoundException: halocraft:textures/armor/CovenantChestplate.png
	at net.minecraft.client.resources.FallbackResourceManager.getResource(FallbackResourceManager.java:70) ~[FallbackResourceManager.class:?]
	at net.minecraft.client.resources.SimpleReloadableResourceManager.getResource(SimpleReloadableResourceManager.java:67) ~[SimpleReloadableResourceManager.class:?]
	at net.minecraft.client.renderer.texture.TextureMap.loadTextureAtlas(TextureMap.java:116) [TextureMap.class:?]
	at net.minecraft.client.renderer.texture.TextureMap.loadSprites(TextureMap.java:83) [TextureMap.class:?]
	at net.minecraftforge.client.model.ModelLoader.setupModelRegistry(ModelLoader.java:74) [ModelLoader.class:?]
	at net.minecraft.client.resources.model.ModelManager.onResourceManagerReload(ModelManager.java:29) [ModelManager.class:?]
	at net.minecraft.client.resources.SimpleReloadableResourceManager.registerReloadListener(SimpleReloadableResourceManager.java:124) [SimpleReloadableResourceManager.class:?]
	at net.minecraft.client.Minecraft.startGame(Minecraft.java:470) [Minecraft.class:?]
	at net.minecraft.client.Minecraft.run(Minecraft.java:325) [Minecraft.class:?]
	at net.minecraft.client.main.Main.main(Main.java:117) [Main.class:?]
	at sun.reflect.NativeMethodAccessorImpl.invoke0(Native Method) ~[?:1.7.0_51]
	at sun.reflect.NativeMethodAccessorImpl.invoke(Unknown Source) ~[?:1.7.0_51]
	at sun.reflect.DelegatingMethodAccessorImpl.invoke(Unknown Source) ~[?:1.7.0_51]
	at java.lang.reflect.Method.invoke(Unknown Source) ~[?:1.7.0_51]
	at net.minecraft.launchwrapper.Launch.launch(Launch.java:135) [launchwrapper-1.11.jar:?]
	at net.minecraft.launchwrapper.Launch.main(Launch.java:28) [launchwrapper-1.11.jar:?]
	at net.minecraftforge.gradle.GradleStartCommon.launch(GradleStartCommon.java:78) [start/:?]
	at GradleStart.main(GradleStart.java:45) [start/:?]
[15:12:20] [Client thread/ERROR]: Using missing texture, unable to load halocraft:textures/armor/CovenantBoots.png
java.io.FileNotFoundException: halocraft:textures/armor/CovenantBoots.png
	at net.minecraft.client.resources.FallbackResourceManager.getResource(FallbackResourceManager.java:70) ~[FallbackResourceManager.class:?]
	at net.minecraft.client.resources.SimpleReloadableResourceManager.getResource(SimpleReloadableResourceManager.java:67) ~[SimpleReloadableResourceManager.class:?]
	at net.minecraft.client.renderer.texture.TextureMap.loadTextureAtlas(TextureMap.java:116) [TextureMap.class:?]
	at net.minecraft.client.renderer.texture.TextureMap.loadSprites(TextureMap.java:83) [TextureMap.class:?]
	at net.minecraftforge.client.model.ModelLoader.setupModelRegistry(ModelLoader.java:74) [ModelLoader.class:?]
	at net.minecraft.client.resources.model.ModelManager.onResourceManagerReload(ModelManager.java:29) [ModelManager.class:?]
	at net.minecraft.client.resources.SimpleReloadableResourceManager.registerReloadListener(SimpleReloadableResourceManager.java:124) [SimpleReloadableResourceManager.class:?]
	at net.minecraft.client.Minecraft.startGame(Minecraft.java:470) [Minecraft.class:?]
	at net.minecraft.client.Minecraft.run(Minecraft.java:325) [Minecraft.class:?]
	at net.minecraft.client.main.Main.main(Main.java:117) [Main.class:?]
	at sun.reflect.NativeMethodAccessorImpl.invoke0(Native Method) ~[?:1.7.0_51]
	at sun.reflect.NativeMethodAccessorImpl.invoke(Unknown Source) ~[?:1.7.0_51]
	at sun.reflect.DelegatingMethodAccessorImpl.invoke(Unknown Source) ~[?:1.7.0_51]
	at java.lang.reflect.Method.invoke(Unknown Source) ~[?:1.7.0_51]
	at net.minecraft.launchwrapper.Launch.launch(Launch.java:135) [launchwrapper-1.11.jar:?]
	at net.minecraft.launchwrapper.Launch.main(Launch.java:28) [launchwrapper-1.11.jar:?]
	at net.minecraftforge.gradle.GradleStartCommon.launch(GradleStartCommon.java:78) [start/:?]
	at GradleStart.main(GradleStart.java:45) [start/:?]
[15:12:20] [Client thread/ERROR]: Using missing texture, unable to load halocraft:textures/armor/CovenantHelmet.png
java.io.FileNotFoundException: halocraft:textures/armor/CovenantHelmet.png
	at net.minecraft.client.resources.FallbackResourceManager.getResource(FallbackResourceManager.java:70) ~[FallbackResourceManager.class:?]
	at net.minecraft.client.resources.SimpleReloadableResourceManager.getResource(SimpleReloadableResourceManager.java:67) ~[SimpleReloadableResourceManager.class:?]
	at net.minecraft.client.renderer.texture.TextureMap.loadTextureAtlas(TextureMap.java:116) [TextureMap.class:?]
	at net.minecraft.client.renderer.texture.TextureMap.loadSprites(TextureMap.java:83) [TextureMap.class:?]
	at net.minecraftforge.client.model.ModelLoader.setupModelRegistry(ModelLoader.java:74) [ModelLoader.class:?]
	at net.minecraft.client.resources.model.ModelManager.onResourceManagerReload(ModelManager.java:29) [ModelManager.class:?]
	at net.minecraft.client.resources.SimpleReloadableResourceManager.registerReloadListener(SimpleReloadableResourceManager.java:124) [SimpleReloadableResourceManager.class:?]
	at net.minecraft.client.Minecraft.startGame(Minecraft.java:470) [Minecraft.class:?]
	at net.minecraft.client.Minecraft.run(Minecraft.java:325) [Minecraft.class:?]
	at net.minecraft.client.main.Main.main(Main.java:117) [Main.class:?]
	at sun.reflect.NativeMethodAccessorImpl.invoke0(Native Method) ~[?:1.7.0_51]
	at sun.reflect.NativeMethodAccessorImpl.invoke(Unknown Source) ~[?:1.7.0_51]
	at sun.reflect.DelegatingMethodAccessorImpl.invoke(Unknown Source) ~[?:1.7.0_51]
	at java.lang.reflect.Method.invoke(Unknown Source) ~[?:1.7.0_51]
	at net.minecraft.launchwrapper.Launch.launch(Launch.java:135) [launchwrapper-1.11.jar:?]
	at net.minecraft.launchwrapper.Launch.main(Launch.java:28) [launchwrapper-1.11.jar:?]
	at net.minecraftforge.gradle.GradleStartCommon.launch(GradleStartCommon.java:78) [start/:?]
	at GradleStart.main(GradleStart.java:45) [start/:?]
[15:12:21] [Client thread/INFO]: Created: 512x512 textures-atlas
[15:12:22] [Client thread/INFO]: Reloading ResourceManager: Default, FMLFileResourcePack:Forge Mod Loader, FMLFileResourcePack:Minecraft Forge, FMLFileResourcePack:HaloCraft
[15:12:23] [Client thread/INFO]: SoundSystem shutting down...
[15:12:23] [Client thread/WARN]: Author: Paul Lamb, www.paulscode.com
[15:12:23] [Sound Library Loader/INFO]: Starting up SoundSystem...
[15:12:23] [Thread-9/INFO]: Initializing LWJGL OpenAL
[15:12:23] [Thread-9/INFO]: (The LWJGL binding of OpenAL.  For more information, see http://www.lwjgl.org)
[15:12:23] [Thread-9/INFO]: OpenAL initialized.
[15:12:23] [Sound Library Loader/INFO]: Sound engine started
[15:12:25] [Client thread/WARN]: Unable to load definition halocraft:forerunnerBlock#normal
java.lang.RuntimeException: Encountered an exception when loading model definition of model halocraft:blockstates/forerunnerBlock.json
	at net.minecraft.client.resources.model.ModelBakery.getModelBlockDefinition(ModelBakery.java:177) ~[ModelBakery.class:?]
	at net.minecraft.client.resources.model.ModelBakery.loadVariants(ModelBakery.java:118) [ModelBakery.class:?]
	at net.minecraftforge.client.model.ModelLoader.loadBlocks(ModelLoader.java:96) [ModelLoader.class:?]
	at net.minecraftforge.client.model.ModelLoader.setupModelRegistry(ModelLoader.java:69) [ModelLoader.class:?]
	at net.minecraft.client.resources.model.ModelManager.onResourceManagerReload(ModelManager.java:29) [ModelManager.class:?]
	at net.minecraft.client.resources.SimpleReloadableResourceManager.notifyReloadListeners(SimpleReloadableResourceManager.java:134) [SimpleReloadableResourceManager.class:?]
	at net.minecraft.client.resources.SimpleReloadableResourceManager.reloadResources(SimpleReloadableResourceManager.java:118) [SimpleReloadableResourceManager.class:?]
	at net.minecraft.client.Minecraft.refreshResources(Minecraft.java:727) [Minecraft.class:?]
	at net.minecraftforge.fml.client.FMLClientHandler.finishMinecraftLoading(FMLClientHandler.java:306) [FMLClientHandler.class:?]
	at net.minecraft.client.Minecraft.startGame(Minecraft.java:484) [Minecraft.class:?]
	at net.minecraft.client.Minecraft.run(Minecraft.java:325) [Minecraft.class:?]
	at net.minecraft.client.main.Main.main(Main.java:117) [Main.class:?]
	at sun.reflect.NativeMethodAccessorImpl.invoke0(Native Method) ~[?:1.7.0_51]
	at sun.reflect.NativeMethodAccessorImpl.invoke(Unknown Source) ~[?:1.7.0_51]
	at sun.reflect.DelegatingMethodAccessorImpl.invoke(Unknown Source) ~[?:1.7.0_51]
	at java.lang.reflect.Method.invoke(Unknown Source) ~[?:1.7.0_51]
	at net.minecraft.launchwrapper.Launch.launch(Launch.java:135) [launchwrapper-1.11.jar:?]
	at net.minecraft.launchwrapper.Launch.main(Launch.java:28) [launchwrapper-1.11.jar:?]
	at net.minecraftforge.gradle.GradleStartCommon.launch(GradleStartCommon.java:78) [start/:?]
	at GradleStart.main(GradleStart.java:45) [start/:?]
Caused by: java.io.FileNotFoundException: halocraft:blockstates/forerunnerBlock.json
	at net.minecraft.client.resources.FallbackResourceManager.getAllResources(FallbackResourceManager.java:99) ~[FallbackResourceManager.class:?]
	at net.minecraft.client.resources.SimpleReloadableResourceManager.getAllResources(SimpleReloadableResourceManager.java:81) ~[SimpleReloadableResourceManager.class:?]
	at net.minecraft.client.resources.model.ModelBakery.getModelBlockDefinition(ModelBakery.java:152) ~[ModelBakery.class:?]
	... 19 more
[15:12:25] [Client thread/ERROR]: Using missing texture, unable to load halocraft:textures/items/covenantPiece.png
java.io.FileNotFoundException: halocraft:textures/items/covenantPiece.png
	at net.minecraft.client.resources.FallbackResourceManager.getResource(FallbackResourceManager.java:70) ~[FallbackResourceManager.class:?]
	at net.minecraft.client.resources.SimpleReloadableResourceManager.getResource(SimpleReloadableResourceManager.java:67) ~[SimpleReloadableResourceManager.class:?]
	at net.minecraft.client.renderer.texture.TextureMap.loadTextureAtlas(TextureMap.java:116) [TextureMap.class:?]
	at net.minecraft.client.renderer.texture.TextureMap.loadSprites(TextureMap.java:83) [TextureMap.class:?]
	at net.minecraftforge.client.model.ModelLoader.setupModelRegistry(ModelLoader.java:74) [ModelLoader.class:?]
	at net.minecraft.client.resources.model.ModelManager.onResourceManagerReload(ModelManager.java:29) [ModelManager.class:?]
	at net.minecraft.client.resources.SimpleReloadableResourceManager.notifyReloadListeners(SimpleReloadableResourceManager.java:134) [SimpleReloadableResourceManager.class:?]
	at net.minecraft.client.resources.SimpleReloadableResourceManager.reloadResources(SimpleReloadableResourceManager.java:118) [SimpleReloadableResourceManager.class:?]
	at net.minecraft.client.Minecraft.refreshResources(Minecraft.java:727) [Minecraft.class:?]
	at net.minecraftforge.fml.client.FMLClientHandler.finishMinecraftLoading(FMLClientHandler.java:306) [FMLClientHandler.class:?]
	at net.minecraft.client.Minecraft.startGame(Minecraft.java:484) [Minecraft.class:?]
	at net.minecraft.client.Minecraft.run(Minecraft.java:325) [Minecraft.class:?]
	at net.minecraft.client.main.Main.main(Main.java:117) [Main.class:?]
	at sun.reflect.NativeMethodAccessorImpl.invoke0(Native Method) ~[?:1.7.0_51]
	at sun.reflect.NativeMethodAccessorImpl.invoke(Unknown Source) ~[?:1.7.0_51]
	at sun.reflect.DelegatingMethodAccessorImpl.invoke(Unknown Source) ~[?:1.7.0_51]
	at java.lang.reflect.Method.invoke(Unknown Source) ~[?:1.7.0_51]
	at net.minecraft.launchwrapper.Launch.launch(Launch.java:135) [launchwrapper-1.11.jar:?]
	at net.minecraft.launchwrapper.Launch.main(Launch.java:28) [launchwrapper-1.11.jar:?]
	at net.minecraftforge.gradle.GradleStartCommon.launch(GradleStartCommon.java:78) [start/:?]
	at GradleStart.main(GradleStart.java:45) [start/:?]
[15:12:25] [Client thread/ERROR]: Using missing texture, unable to load halocraft:textures/armor/CovenantLeggings.png
java.io.FileNotFoundException: halocraft:textures/armor/CovenantLeggings.png
	at net.minecraft.client.resources.FallbackResourceManager.getResource(FallbackResourceManager.java:70) ~[FallbackResourceManager.class:?]
	at net.minecraft.client.resources.SimpleReloadableResourceManager.getResource(SimpleReloadableResourceManager.java:67) ~[SimpleReloadableResourceManager.class:?]
	at net.minecraft.client.renderer.texture.TextureMap.loadTextureAtlas(TextureMap.java:116) [TextureMap.class:?]
	at net.minecraft.client.renderer.texture.TextureMap.loadSprites(TextureMap.java:83) [TextureMap.class:?]
	at net.minecraftforge.client.model.ModelLoader.setupModelRegistry(ModelLoader.java:74) [ModelLoader.class:?]
	at net.minecraft.client.resources.model.ModelManager.onResourceManagerReload(ModelManager.java:29) [ModelManager.class:?]
	at net.minecraft.client.resources.SimpleReloadableResourceManager.notifyReloadListeners(SimpleReloadableResourceManager.java:134) [SimpleReloadableResourceManager.class:?]
	at net.minecraft.client.resources.SimpleReloadableResourceManager.reloadResources(SimpleReloadableResourceManager.java:118) [SimpleReloadableResourceManager.class:?]
	at net.minecraft.client.Minecraft.refreshResources(Minecraft.java:727) [Minecraft.class:?]
	at net.minecraftforge.fml.client.FMLClientHandler.finishMinecraftLoading(FMLClientHandler.java:306) [FMLClientHandler.class:?]
	at net.minecraft.client.Minecraft.startGame(Minecraft.java:484) [Minecraft.class:?]
	at net.minecraft.client.Minecraft.run(Minecraft.java:325) [Minecraft.class:?]
	at net.minecraft.client.main.Main.main(Main.java:117) [Main.class:?]
	at sun.reflect.NativeMethodAccessorImpl.invoke0(Native Method) ~[?:1.7.0_51]
	at sun.reflect.NativeMethodAccessorImpl.invoke(Unknown Source) ~[?:1.7.0_51]
	at sun.reflect.DelegatingMethodAccessorImpl.invoke(Unknown Source) ~[?:1.7.0_51]
	at java.lang.reflect.Method.invoke(Unknown Source) ~[?:1.7.0_51]
	at net.minecraft.launchwrapper.Launch.launch(Launch.java:135) [launchwrapper-1.11.jar:?]
	at net.minecraft.launchwrapper.Launch.main(Launch.java:28) [launchwrapper-1.11.jar:?]
	at net.minecraftforge.gradle.GradleStartCommon.launch(GradleStartCommon.java:78) [start/:?]
	at GradleStart.main(GradleStart.java:45) [start/:?]
[15:12:26] [Client thread/ERROR]: Using missing texture, unable to load halocraft:textures/armor/CovenantChestplate.png
java.io.FileNotFoundException: halocraft:textures/armor/CovenantChestplate.png
	at net.minecraft.client.resources.FallbackResourceManager.getResource(FallbackResourceManager.java:70) ~[FallbackResourceManager.class:?]
	at net.minecraft.client.resources.SimpleReloadableResourceManager.getResource(SimpleReloadableResourceManager.java:67) ~[SimpleReloadableResourceManager.class:?]
	at net.minecraft.client.renderer.texture.TextureMap.loadTextureAtlas(TextureMap.java:116) [TextureMap.class:?]
	at net.minecraft.client.renderer.texture.TextureMap.loadSprites(TextureMap.java:83) [TextureMap.class:?]
	at net.minecraftforge.client.model.ModelLoader.setupModelRegistry(ModelLoader.java:74) [ModelLoader.class:?]
	at net.minecraft.client.resources.model.ModelManager.onResourceManagerReload(ModelManager.java:29) [ModelManager.class:?]
	at net.minecraft.client.resources.SimpleReloadableResourceManager.notifyReloadListeners(SimpleReloadableResourceManager.java:134) [SimpleReloadableResourceManager.class:?]
	at net.minecraft.client.resources.SimpleReloadableResourceManager.reloadResources(SimpleReloadableResourceManager.java:118) [SimpleReloadableResourceManager.class:?]
	at net.minecraft.client.Minecraft.refreshResources(Minecraft.java:727) [Minecraft.class:?]
	at net.minecraftforge.fml.client.FMLClientHandler.finishMinecraftLoading(FMLClientHandler.java:306) [FMLClientHandler.class:?]
	at net.minecraft.client.Minecraft.startGame(Minecraft.java:484) [Minecraft.class:?]
	at net.minecraft.client.Minecraft.run(Minecraft.java:325) [Minecraft.class:?]
	at net.minecraft.client.main.Main.main(Main.java:117) [Main.class:?]
	at sun.reflect.NativeMethodAccessorImpl.invoke0(Native Method) ~[?:1.7.0_51]
	at sun.reflect.NativeMethodAccessorImpl.invoke(Unknown Source) ~[?:1.7.0_51]
	at sun.reflect.DelegatingMethodAccessorImpl.invoke(Unknown Source) ~[?:1.7.0_51]
	at java.lang.reflect.Method.invoke(Unknown Source) ~[?:1.7.0_51]
	at net.minecraft.launchwrapper.Launch.launch(Launch.java:135) [launchwrapper-1.11.jar:?]
	at net.minecraft.launchwrapper.Launch.main(Launch.java:28) [launchwrapper-1.11.jar:?]
	at net.minecraftforge.gradle.GradleStartCommon.launch(GradleStartCommon.java:78) [start/:?]
	at GradleStart.main(GradleStart.java:45) [start/:?]
[15:12:26] [Client thread/ERROR]: Using missing texture, unable to load halocraft:textures/armor/CovenantBoots.png
java.io.FileNotFoundException: halocraft:textures/armor/CovenantBoots.png
	at net.minecraft.client.resources.FallbackResourceManager.getResource(FallbackResourceManager.java:70) ~[FallbackResourceManager.class:?]
	at net.minecraft.client.resources.SimpleReloadableResourceManager.getResource(SimpleReloadableResourceManager.java:67) ~[SimpleReloadableResourceManager.class:?]
	at net.minecraft.client.renderer.texture.TextureMap.loadTextureAtlas(TextureMap.java:116) [TextureMap.class:?]
	at net.minecraft.client.renderer.texture.TextureMap.loadSprites(TextureMap.java:83) [TextureMap.class:?]
	at net.minecraftforge.client.model.ModelLoader.setupModelRegistry(ModelLoader.java:74) [ModelLoader.class:?]
	at net.minecraft.client.resources.model.ModelManager.onResourceManagerReload(ModelManager.java:29) [ModelManager.class:?]
	at net.minecraft.client.resources.SimpleReloadableResourceManager.notifyReloadListeners(SimpleReloadableResourceManager.java:134) [SimpleReloadableResourceManager.class:?]
	at net.minecraft.client.resources.SimpleReloadableResourceManager.reloadResources(SimpleReloadableResourceManager.java:118) [SimpleReloadableResourceManager.class:?]
	at net.minecraft.client.Minecraft.refreshResources(Minecraft.java:727) [Minecraft.class:?]
	at net.minecraftforge.fml.client.FMLClientHandler.finishMinecraftLoading(FMLClientHandler.java:306) [FMLClientHandler.class:?]
	at net.minecraft.client.Minecraft.startGame(Minecraft.java:484) [Minecraft.class:?]
	at net.minecraft.client.Minecraft.run(Minecraft.java:325) [Minecraft.class:?]
	at net.minecraft.client.main.Main.main(Main.java:117) [Main.class:?]
	at sun.reflect.NativeMethodAccessorImpl.invoke0(Native Method) ~[?:1.7.0_51]
	at sun.reflect.NativeMethodAccessorImpl.invoke(Unknown Source) ~[?:1.7.0_51]
	at sun.reflect.DelegatingMethodAccessorImpl.invoke(Unknown Source) ~[?:1.7.0_51]
	at java.lang.reflect.Method.invoke(Unknown Source) ~[?:1.7.0_51]
	at net.minecraft.launchwrapper.Launch.launch(Launch.java:135) [launchwrapper-1.11.jar:?]
	at net.minecraft.launchwrapper.Launch.main(Launch.java:28) [launchwrapper-1.11.jar:?]
	at net.minecraftforge.gradle.GradleStartCommon.launch(GradleStartCommon.java:78) [start/:?]
	at GradleStart.main(GradleStart.java:45) [start/:?]
[15:12:26] [Client thread/ERROR]: Using missing texture, unable to load halocraft:textures/armor/CovenantHelmet.png
java.io.FileNotFoundException: halocraft:textures/armor/CovenantHelmet.png
	at net.minecraft.client.resources.FallbackResourceManager.getResource(FallbackResourceManager.java:70) ~[FallbackResourceManager.class:?]
	at net.minecraft.client.resources.SimpleReloadableResourceManager.getResource(SimpleReloadableResourceManager.java:67) ~[SimpleReloadableResourceManager.class:?]
	at net.minecraft.client.renderer.texture.TextureMap.loadTextureAtlas(TextureMap.java:116) [TextureMap.class:?]
	at net.minecraft.client.renderer.texture.TextureMap.loadSprites(TextureMap.java:83) [TextureMap.class:?]
	at net.minecraftforge.client.model.ModelLoader.setupModelRegistry(ModelLoader.java:74) [ModelLoader.class:?]
	at net.minecraft.client.resources.model.ModelManager.onResourceManagerReload(ModelManager.java:29) [ModelManager.class:?]
	at net.minecraft.client.resources.SimpleReloadableResourceManager.notifyReloadListeners(SimpleReloadableResourceManager.java:134) [SimpleReloadableResourceManager.class:?]
	at net.minecraft.client.resources.SimpleReloadableResourceManager.reloadResources(SimpleReloadableResourceManager.java:118) [SimpleReloadableResourceManager.class:?]
	at net.minecraft.client.Minecraft.refreshResources(Minecraft.java:727) [Minecraft.class:?]
	at net.minecraftforge.fml.client.FMLClientHandler.finishMinecraftLoading(FMLClientHandler.java:306) [FMLClientHandler.class:?]
	at net.minecraft.client.Minecraft.startGame(Minecraft.java:484) [Minecraft.class:?]
	at net.minecraft.client.Minecraft.run(Minecraft.java:325) [Minecraft.class:?]
	at net.minecraft.client.main.Main.main(Main.java:117) [Main.class:?]
	at sun.reflect.NativeMethodAccessorImpl.invoke0(Native Method) ~[?:1.7.0_51]
	at sun.reflect.NativeMethodAccessorImpl.invoke(Unknown Source) ~[?:1.7.0_51]
	at sun.reflect.DelegatingMethodAccessorImpl.invoke(Unknown Source) ~[?:1.7.0_51]
	at java.lang.reflect.Method.invoke(Unknown Source) ~[?:1.7.0_51]
	at net.minecraft.launchwrapper.Launch.launch(Launch.java:135) [launchwrapper-1.11.jar:?]
	at net.minecraft.launchwrapper.Launch.main(Launch.java:28) [launchwrapper-1.11.jar:?]
	at net.minecraftforge.gradle.GradleStartCommon.launch(GradleStartCommon.java:78) [start/:?]
	at GradleStart.main(GradleStart.java:45) [start/:?]
[15:12:26] [Client thread/INFO]: Created: 512x512 textures-atlas
[15:12:33] [Server thread/INFO]: Starting integrated minecraft server version 1.8
[15:12:33] [Server thread/INFO]: Generating keypair
[15:12:33] [Server thread/INFO]: Preparing start region for level 0
[15:12:34] [Server thread/INFO]: Preparing spawn area: 56%
[15:12:35] [Server thread/INFO]: Changing view distance to 12, from 10
[15:12:36] [Server thread/INFO]: Player156[local:E:559e1f63] logged in with entity id 212 at (-294.4877273251405, 64.0, 119.62763087512349)
[15:12:36] [Server thread/INFO]: Player156 joined the game
[15:12:40] [Server thread/INFO]: Saving and pausing game...
[15:12:41] [Server thread/INFO]: Saving chunks for level 'New World'/Overworld
[15:12:41] [Server thread/INFO]: Saving chunks for level 'New World'/Nether
[15:12:41] [Server thread/INFO]: Saving chunks for level 'New World'/The End
[15:12:42] [Server thread/INFO]: Player156 has just earned the achievement [Taking Inventory]
[15:12:43] [Client thread/INFO]: [CHAT] Player156 has just earned the achievement [Taking Inventory]
[15:13:05] [Server thread/INFO]: Saving and pausing game...
[15:13:05] [Server thread/INFO]: Saving chunks for level 'New World'/Overworld
[15:13:05] [Server thread/INFO]: Saving chunks for level 'New World'/Nether
[15:13:05] [Server thread/INFO]: Saving chunks for level 'New World'/The End
[15:13:06] [Server thread/INFO]: Stopping server
[15:13:06] [Server thread/INFO]: Saving players
[15:13:06] [Server thread/INFO]: Saving worlds
[15:13:06] [Server thread/INFO]: Saving chunks for level 'New World'/Overworld
[15:13:06] [Server thread/INFO]: Saving chunks for level 'New World'/Nether
[15:13:06] [Server thread/INFO]: Saving chunks for level 'New World'/The End
[15:13:07] [Client thread/INFO]: Stopping!
[15:13:07] [Client thread/INFO]: SoundSystem shutting down...
[15:13:07] [Client thread/WARN]: Author: Paul Lamb, www.paulscode.com
